{"D:\\spendwise\\apps\\api\\src\\index.ts": {"path":"D:\\spendwise\\apps\\api\\src\\index.ts","statementMap":{"0":{"start":{"line":12,"column":0},"end":{"line":12,"column":29}},"1":{"start":{"line":13,"column":0},"end":{"line":13,"column":23}},"2":{"start":{"line":14,"column":0},"end":{"line":14,"column":27}},"3":{"start":{"line":15,"column":0},"end":{"line":15,"column":27}},"4":{"start":{"line":16,"column":0},"end":{"line":16,"column":34}},"5":{"start":{"line":17,"column":0},"end":{"line":17,"column":38}},"6":{"start":{"line":18,"column":0},"end":{"line":18,"column":35}},"7":{"start":{"line":19,"column":0},"end":{"line":19,"column":77}},"8":{"start":{"line":21,"column":12},"end":{"line":21,"column":21}},"9":{"start":{"line":24,"column":0},"end":{"line":24,"column":28}},"10":{"start":{"line":25,"column":0},"end":{"line":28,"column":null}},"11":{"start":{"line":32,"column":0},"end":{"line":32,"column":null}},"12":{"start":{"line":35,"column":0},"end":{"line":35,"column":48}},"13":{"start":{"line":36,"column":0},"end":{"line":36,"column":48}},"14":{"start":{"line":41,"column":0},"end":{"line":41,"column":null}},"15":{"start":{"line":46,"column":0},"end":{"line":46,"column":null}},"16":{"start":{"line":51,"column":0},"end":{"line":51,"column":null}},"17":{"start":{"line":55,"column":1},"end":{"line":69,"column":2}},"18":{"start":{"line":57,"column":2},"end":{"line":57,"column":null}},"19":{"start":{"line":58,"column":2},"end":{"line":58,"column":null}},"20":{"start":{"line":60,"column":2},"end":{"line":64,"column":null}},"21":{"start":{"line":61,"column":3},"end":{"line":61,"column":null}},"22":{"start":{"line":62,"column":3},"end":{"line":62,"column":null}},"23":{"start":{"line":63,"column":3},"end":{"line":63,"column":null}},"24":{"start":{"line":67,"column":2},"end":{"line":67,"column":null}},"25":{"start":{"line":68,"column":2},"end":{"line":68,"column":null}},"26":{"start":{"line":71,"column":0},"end":{"line":73,"column":1}},"27":{"start":{"line":72,"column":1},"end":{"line":72,"column":null}},"28":{"start":{"line":77,"column":0},"end":{"line":77,"column":null}}},"fnMap":{"0":{"name":"startServer","decl":{"start":{"line":54,"column":15},"end":{"line":54,"column":26}},"loc":{"start":{"line":54,"column":26},"end":{"line":70,"column":1}}},"1":{"name":"(anonymous_2)","decl":{"start":{"line":60,"column":23},"end":{"line":60,"column":26}},"loc":{"start":{"line":60,"column":28},"end":{"line":64,"column":3}}}},"branchMap":{"0":{"loc":{"start":{"line":32,"column":15},"end":{"line":32,"column":45}},"type":"cond-expr","locations":[{"start":{"line":32,"column":27},"end":{"line":32,"column":32}},{"start":{"line":32,"column":35},"end":{"line":32,"column":45}}]},"1":{"loc":{"start":{"line":71,"column":0},"end":{"line":73,"column":1}},"type":"if","locations":[{"start":{"line":71,"column":0},"end":{"line":73,"column":1}},{"start":{},"end":{}}]}},"s":{"0":2,"1":2,"2":2,"3":2,"4":2,"5":2,"6":2,"7":2,"8":2,"9":2,"10":2,"11":2,"12":2,"13":2,"14":2,"15":2,"16":2,"17":0,"18":0,"19":0,"20":0,"21":0,"22":0,"23":0,"24":0,"25":0,"26":2,"27":0,"28":2},"f":{"0":0,"1":0},"b":{"0":[0,2],"1":[0,2]}}
,"D:\\spendwise\\apps\\api\\src\\__tests__\\setup.ts": {"path":"D:\\spendwise\\apps\\api\\src\\__tests__\\setup.ts","statementMap":{"0":{"start":{"line":13,"column":0},"end":{"line":13,"column":7}},"1":{"start":{"line":21,"column":0},"end":{"line":21,"column":7}},"2":{"start":{"line":9,"column":0},"end":{"line":9,"column":39}},"3":{"start":{"line":14,"column":4},"end":{"line":14,"column":null}},"4":{"start":{"line":15,"column":4},"end":{"line":15,"column":null}},"5":{"start":{"line":16,"column":4},"end":{"line":16,"column":null}},"6":{"start":{"line":22,"column":4},"end":{"line":22,"column":null}}},"fnMap":{"0":{"name":"cleanDatabase","decl":{"start":{"line":13,"column":22},"end":{"line":13,"column":35}},"loc":{"start":{"line":13,"column":35},"end":{"line":17,"column":1}}},"1":{"name":"closeDatabase","decl":{"start":{"line":21,"column":22},"end":{"line":21,"column":35}},"loc":{"start":{"line":21,"column":35},"end":{"line":23,"column":1}}}},"branchMap":{},"s":{"0":2,"1":2,"2":2,"3":4,"4":4,"5":4,"6":2},"f":{"0":4,"1":2},"b":{}}
,"D:\\spendwise\\apps\\api\\src\\config\\cloudinary.ts": {"path":"D:\\spendwise\\apps\\api\\src\\config\\cloudinary.ts","statementMap":{"0":{"start":{"line":9,"column":0},"end":{"line":9,"column":45}},"1":{"start":{"line":11,"column":0},"end":{"line":15,"column":null}},"2":{"start":{"line":17,"column":0},"end":{"line":17,"column":null}}},"fnMap":{},"branchMap":{},"s":{"0":2,"1":2,"2":2},"f":{},"b":{}}
,"D:\\spendwise\\apps\\api\\src\\config\\database.ts": {"path":"D:\\spendwise\\apps\\api\\src\\config\\database.ts","statementMap":{"0":{"start":{"line":9,"column":0},"end":{"line":9,"column":45}},"1":{"start":{"line":11,"column":15},"end":{"line":15,"column":2}},"2":{"start":{"line":17,"column":0},"end":{"line":17,"column":null}}},"fnMap":{},"branchMap":{"0":{"loc":{"start":{"line":12,"column":9},"end":{"line":14,"column":19}},"type":"cond-expr","locations":[{"start":{"line":13,"column":10},"end":{"line":13,"column":36}},{"start":{"line":14,"column":10},"end":{"line":14,"column":19}}]}},"s":{"0":2,"1":2,"2":2},"f":{},"b":{"0":[0,2]}}
,"D:\\spendwise\\apps\\api\\src\\config\\env.ts": {"path":"D:\\spendwise\\apps\\api\\src\\config\\env.ts","statementMap":{"0":{"start":{"line":12,"column":0},"end":{"line":12,"column":27}},"1":{"start":{"line":13,"column":0},"end":{"line":13,"column":null}},"2":{"start":{"line":18,"column":18},"end":{"line":18,"column":35}},"3":{"start":{"line":20,"column":4},"end":{"line":23,"column":5}},"4":{"start":{"line":22,"column":8},"end":{"line":22,"column":null}},"5":{"start":{"line":25,"column":4},"end":{"line":25,"column":null}},"6":{"start":{"line":30,"column":13},"end":{"line":56,"column":null}}},"fnMap":{"0":{"name":"requireEnv","decl":{"start":{"line":17,"column":9},"end":{"line":17,"column":19}},"loc":{"start":{"line":17,"column":32},"end":{"line":26,"column":1}}}},"branchMap":{"0":{"loc":{"start":{"line":20,"column":4},"end":{"line":23,"column":5}},"type":"if","locations":[{"start":{"line":20,"column":4},"end":{"line":23,"column":5}},{"start":{},"end":{}}]},"1":{"loc":{"start":{"line":32,"column":10},"end":{"line":32,"column":36}},"type":"binary-expr","locations":[{"start":{"line":32,"column":10},"end":{"line":32,"column":26}},{"start":{"line":32,"column":30},"end":{"line":32,"column":36}}]},"2":{"loc":{"start":{"line":33,"column":13},"end":{"line":33,"column":50}},"type":"binary-expr","locations":[{"start":{"line":33,"column":13},"end":{"line":33,"column":33}},{"start":{"line":33,"column":37},"end":{"line":33,"column":50}}]},"3":{"loc":{"start":{"line":34,"column":16},"end":{"line":34,"column":66}},"type":"binary-expr","locations":[{"start":{"line":34,"column":16},"end":{"line":34,"column":39}},{"start":{"line":34,"column":43},"end":{"line":34,"column":66}}]},"4":{"loc":{"start":{"line":41,"column":18},"end":{"line":41,"column":52}},"type":"binary-expr","locations":[{"start":{"line":41,"column":18},"end":{"line":41,"column":44}},{"start":{"line":41,"column":48},"end":{"line":41,"column":52}}]},"5":{"loc":{"start":{"line":44,"column":18},"end":{"line":44,"column":53}},"type":"binary-expr","locations":[{"start":{"line":44,"column":18},"end":{"line":44,"column":47}},{"start":{"line":44,"column":51},"end":{"line":44,"column":53}}]},"6":{"loc":{"start":{"line":53,"column":25},"end":{"line":53,"column":64}},"type":"binary-expr","locations":[{"start":{"line":53,"column":25},"end":{"line":53,"column":58}},{"start":{"line":53,"column":62},"end":{"line":53,"column":64}}]},"7":{"loc":{"start":{"line":54,"column":25},"end":{"line":54,"column":61}},"type":"binary-expr","locations":[{"start":{"line":54,"column":25},"end":{"line":54,"column":55}},{"start":{"line":54,"column":59},"end":{"line":54,"column":61}}]},"8":{"loc":{"start":{"line":55,"column":25},"end":{"line":55,"column":64}},"type":"binary-expr","locations":[{"start":{"line":55,"column":25},"end":{"line":55,"column":58}},{"start":{"line":55,"column":62},"end":{"line":55,"column":64}}]}},"s":{"0":3,"1":3,"2":9,"3":9,"4":0,"5":9,"6":3},"f":{"0":9},"b":{"0":[0,9],"1":[3,0],"2":[3,0],"3":[3,0],"4":[3,0],"5":[3,3],"6":[3,0],"7":[3,0],"8":[3,0]}}
,"D:\\spendwise\\apps\\api\\src\\controllers\\analytics.controller.ts": {"path":"D:\\spendwise\\apps\\api\\src\\controllers\\analytics.controller.ts","statementMap":{"0":{"start":{"line":14,"column":0},"end":{"line":14,"column":7}},"1":{"start":{"line":30,"column":0},"end":{"line":30,"column":7}},"2":{"start":{"line":53,"column":0},"end":{"line":53,"column":7}},"3":{"start":{"line":67,"column":0},"end":{"line":67,"column":7}},"4":{"start":{"line":8,"column":0},"end":{"line":8,"column":65}},"5":{"start":{"line":9,"column":0},"end":{"line":9,"column":58}},"6":{"start":{"line":15,"column":4},"end":{"line":24,"column":5}},"7":{"start":{"line":16,"column":24},"end":{"line":17,"column":null}},"8":{"start":{"line":19,"column":8},"end":{"line":19,"column":null}},"9":{"start":{"line":22,"column":24},"end":{"line":22,"column":92}},"10":{"start":{"line":23,"column":8},"end":{"line":23,"column":null}},"11":{"start":{"line":31,"column":4},"end":{"line":47,"column":5}},"12":{"start":{"line":32,"column":20},"end":{"line":32,"column":30}},"13":{"start":{"line":33,"column":22},"end":{"line":33,"column":79}},"14":{"start":{"line":34,"column":21},"end":{"line":34,"column":76}},"15":{"start":{"line":36,"column":24},"end":{"line":39,"column":null}},"16":{"start":{"line":42,"column":8},"end":{"line":42,"column":null}},"17":{"start":{"line":45,"column":24},"end":{"line":45,"column":90}},"18":{"start":{"line":46,"column":8},"end":{"line":46,"column":null}},"19":{"start":{"line":54,"column":4},"end":{"line":61,"column":5}},"20":{"start":{"line":55,"column":22},"end":{"line":55,"column":78}},"21":{"start":{"line":56,"column":8},"end":{"line":56,"column":null}},"22":{"start":{"line":59,"column":24},"end":{"line":59,"column":88}},"23":{"start":{"line":60,"column":8},"end":{"line":60,"column":null}},"24":{"start":{"line":68,"column":4},"end":{"line":84,"column":5}},"25":{"start":{"line":69,"column":20},"end":{"line":69,"column":30}},"26":{"start":{"line":70,"column":22},"end":{"line":70,"column":79}},"27":{"start":{"line":71,"column":21},"end":{"line":71,"column":76}},"28":{"start":{"line":73,"column":22},"end":{"line":76,"column":null}},"29":{"start":{"line":79,"column":8},"end":{"line":79,"column":null}},"30":{"start":{"line":82,"column":24},"end":{"line":82,"column":97}},"31":{"start":{"line":83,"column":8},"end":{"line":83,"column":null}}},"fnMap":{"0":{"name":"getDashboard","decl":{"start":{"line":14,"column":22},"end":{"line":14,"column":34}},"loc":{"start":{"line":14,"column":62},"end":{"line":25,"column":1}}},"1":{"name":"getCategorySummary","decl":{"start":{"line":30,"column":22},"end":{"line":30,"column":40}},"loc":{"start":{"line":30,"column":68},"end":{"line":48,"column":1}}},"2":{"name":"getMonthlyTrend","decl":{"start":{"line":53,"column":22},"end":{"line":53,"column":37}},"loc":{"start":{"line":53,"column":65},"end":{"line":62,"column":1}}},"3":{"name":"getDailySpending","decl":{"start":{"line":67,"column":22},"end":{"line":67,"column":38}},"loc":{"start":{"line":67,"column":66},"end":{"line":85,"column":1}}}},"branchMap":{"0":{"loc":{"start":{"line":22,"column":24},"end":{"line":22,"column":92}},"type":"cond-expr","locations":[{"start":{"line":22,"column":49},"end":{"line":22,"column":62}},{"start":{"line":22,"column":65},"end":{"line":22,"column":92}}]},"1":{"loc":{"start":{"line":33,"column":22},"end":{"line":33,"column":79}},"type":"binary-expr","locations":[{"start":{"line":33,"column":22},"end":{"line":33,"column":57}},{"start":{"line":33,"column":61},"end":{"line":33,"column":79}}]},"2":{"loc":{"start":{"line":34,"column":21},"end":{"line":34,"column":76}},"type":"binary-expr","locations":[{"start":{"line":34,"column":21},"end":{"line":34,"column":55}},{"start":{"line":34,"column":59},"end":{"line":34,"column":76}}]},"3":{"loc":{"start":{"line":45,"column":24},"end":{"line":45,"column":90}},"type":"cond-expr","locations":[{"start":{"line":45,"column":49},"end":{"line":45,"column":62}},{"start":{"line":45,"column":65},"end":{"line":45,"column":90}}]},"4":{"loc":{"start":{"line":59,"column":24},"end":{"line":59,"column":88}},"type":"cond-expr","locations":[{"start":{"line":59,"column":49},"end":{"line":59,"column":62}},{"start":{"line":59,"column":65},"end":{"line":59,"column":88}}]},"5":{"loc":{"start":{"line":70,"column":22},"end":{"line":70,"column":79}},"type":"binary-expr","locations":[{"start":{"line":70,"column":22},"end":{"line":70,"column":57}},{"start":{"line":70,"column":61},"end":{"line":70,"column":79}}]},"6":{"loc":{"start":{"line":71,"column":21},"end":{"line":71,"column":76}},"type":"binary-expr","locations":[{"start":{"line":71,"column":21},"end":{"line":71,"column":55}},{"start":{"line":71,"column":59},"end":{"line":71,"column":76}}]},"7":{"loc":{"start":{"line":82,"column":24},"end":{"line":82,"column":97}},"type":"cond-expr","locations":[{"start":{"line":82,"column":49},"end":{"line":82,"column":62}},{"start":{"line":82,"column":65},"end":{"line":82,"column":97}}]}},"s":{"0":2,"1":2,"2":2,"3":2,"4":2,"5":2,"6":0,"7":0,"8":0,"9":0,"10":0,"11":0,"12":0,"13":0,"14":0,"15":0,"16":0,"17":0,"18":0,"19":0,"20":0,"21":0,"22":0,"23":0,"24":0,"25":0,"26":0,"27":0,"28":0,"29":0,"30":0,"31":0},"f":{"0":0,"1":0,"2":0,"3":0},"b":{"0":[0,0],"1":[0,0],"2":[0,0],"3":[0,0],"4":[0,0],"5":[0,0],"6":[0,0],"7":[0,0]}}
,"D:\\spendwise\\apps\\api\\src\\controllers\\auth.controller.ts": {"path":"D:\\spendwise\\apps\\api\\src\\controllers\\auth.controller.ts","statementMap":{"0":{"start":{"line":27,"column":0},"end":{"line":27,"column":7}},"1":{"start":{"line":48,"column":0},"end":{"line":48,"column":7}},"2":{"start":{"line":67,"column":0},"end":{"line":67,"column":7}},"3":{"start":{"line":77,"column":0},"end":{"line":77,"column":7}},"4":{"start":{"line":95,"column":0},"end":{"line":95,"column":7}},"5":{"start":{"line":110,"column":0},"end":{"line":110,"column":7}},"6":{"start":{"line":126,"column":0},"end":{"line":126,"column":7}},"7":{"start":{"line":139,"column":0},"end":{"line":139,"column":7}},"8":{"start":{"line":152,"column":0},"end":{"line":152,"column":7}},"9":{"start":{"line":164,"column":0},"end":{"line":164,"column":7}},"10":{"start":{"line":175,"column":0},"end":{"line":175,"column":7}},"11":{"start":{"line":21,"column":0},"end":{"line":21,"column":55}},"12":{"start":{"line":22,"column":0},"end":{"line":22,"column":58}},"13":{"start":{"line":28,"column":4},"end":{"line":42,"column":5}},"14":{"start":{"line":30,"column":32},"end":{"line":30,"column":72}},"15":{"start":{"line":33,"column":8},"end":{"line":33,"column":null}},"16":{"start":{"line":36,"column":24},"end":{"line":36,"column":86}},"17":{"start":{"line":40,"column":23},"end":{"line":40,"column":69}},"18":{"start":{"line":41,"column":8},"end":{"line":41,"column":null}},"19":{"start":{"line":49,"column":4},"end":{"line":59,"column":5}},"20":{"start":{"line":50,"column":32},"end":{"line":50,"column":69}},"21":{"start":{"line":52,"column":8},"end":{"line":52,"column":null}},"22":{"start":{"line":55,"column":24},"end":{"line":55,"column":79}},"23":{"start":{"line":58,"column":8},"end":{"line":58,"column":null}},"24":{"start":{"line":70,"column":4},"end":{"line":70,"column":null}},"25":{"start":{"line":78,"column":4},"end":{"line":88,"column":5}},"26":{"start":{"line":81,"column":21},"end":{"line":81,"column":71}},"27":{"start":{"line":83,"column":8},"end":{"line":83,"column":null}},"28":{"start":{"line":86,"column":24},"end":{"line":86,"column":85}},"29":{"start":{"line":87,"column":8},"end":{"line":87,"column":null}},"30":{"start":{"line":96,"column":4},"end":{"line":105,"column":5}},"31":{"start":{"line":97,"column":21},"end":{"line":97,"column":80}},"32":{"start":{"line":99,"column":8},"end":{"line":99,"column":null}},"33":{"start":{"line":102,"column":24},"end":{"line":102,"column":80}},"34":{"start":{"line":103,"column":23},"end":{"line":103,"column":69}},"35":{"start":{"line":104,"column":8},"end":{"line":104,"column":null}},"36":{"start":{"line":111,"column":4},"end":{"line":121,"column":5}},"37":{"start":{"line":112,"column":49},"end":{"line":112,"column":57}},"38":{"start":{"line":113,"column":23},"end":{"line":114,"column":null}},"39":{"start":{"line":116,"column":8},"end":{"line":116,"column":null}},"40":{"start":{"line":118,"column":24},"end":{"line":118,"column":92}},"41":{"start":{"line":119,"column":23},"end":{"line":119,"column":64}},"42":{"start":{"line":120,"column":8},"end":{"line":120,"column":null}},"43":{"start":{"line":127,"column":4},"end":{"line":134,"column":5}},"44":{"start":{"line":128,"column":29},"end":{"line":128,"column":37}},"45":{"start":{"line":129,"column":21},"end":{"line":129,"column":81}},"46":{"start":{"line":130,"column":8},"end":{"line":130,"column":null}},"47":{"start":{"line":132,"column":24},"end":{"line":132,"column":92}},"48":{"start":{"line":133,"column":8},"end":{"line":133,"column":null}},"49":{"start":{"line":140,"column":4},"end":{"line":148,"column":5}},"50":{"start":{"line":141,"column":29},"end":{"line":141,"column":37}},"51":{"start":{"line":142,"column":23},"end":{"line":142,"column":82}},"52":{"start":{"line":143,"column":8},"end":{"line":143,"column":null}},"53":{"start":{"line":145,"column":24},"end":{"line":145,"column":91}},"54":{"start":{"line":146,"column":23},"end":{"line":146,"column":64}},"55":{"start":{"line":147,"column":8},"end":{"line":147,"column":null}},"56":{"start":{"line":153,"column":4},"end":{"line":160,"column":5}},"57":{"start":{"line":154,"column":30},"end":{"line":154,"column":38}},"58":{"start":{"line":155,"column":21},"end":{"line":155,"column":80}},"59":{"start":{"line":156,"column":8},"end":{"line":156,"column":null}},"60":{"start":{"line":158,"column":24},"end":{"line":158,"column":90}},"61":{"start":{"line":159,"column":8},"end":{"line":159,"column":null}},"62":{"start":{"line":165,"column":4},"end":{"line":171,"column":5}},"63":{"start":{"line":166,"column":21},"end":{"line":166,"column":86}},"64":{"start":{"line":167,"column":8},"end":{"line":167,"column":null}},"65":{"start":{"line":169,"column":24},"end":{"line":169,"column":97}},"66":{"start":{"line":170,"column":8},"end":{"line":170,"column":null}},"67":{"start":{"line":176,"column":4},"end":{"line":182,"column":5}},"68":{"start":{"line":177,"column":22},"end":{"line":177,"column":73}},"69":{"start":{"line":178,"column":8},"end":{"line":178,"column":null}},"70":{"start":{"line":180,"column":24},"end":{"line":180,"column":88}},"71":{"start":{"line":181,"column":8},"end":{"line":181,"column":null}}},"fnMap":{"0":{"name":"register","decl":{"start":{"line":27,"column":22},"end":{"line":27,"column":30}},"loc":{"start":{"line":27,"column":58},"end":{"line":43,"column":1}}},"1":{"name":"login","decl":{"start":{"line":48,"column":22},"end":{"line":48,"column":27}},"loc":{"start":{"line":48,"column":55},"end":{"line":60,"column":1}}},"2":{"name":"logout","decl":{"start":{"line":67,"column":22},"end":{"line":67,"column":28}},"loc":{"start":{"line":67,"column":56},"end":{"line":71,"column":1}}},"3":{"name":"getMe","decl":{"start":{"line":77,"column":22},"end":{"line":77,"column":27}},"loc":{"start":{"line":77,"column":55},"end":{"line":89,"column":1}}},"4":{"name":"updateMe","decl":{"start":{"line":95,"column":22},"end":{"line":95,"column":30}},"loc":{"start":{"line":95,"column":58},"end":{"line":106,"column":1}}},"5":{"name":"changePassword","decl":{"start":{"line":110,"column":22},"end":{"line":110,"column":36}},"loc":{"start":{"line":110,"column":64},"end":{"line":122,"column":1}}},"6":{"name":"updateCurrency","decl":{"start":{"line":126,"column":22},"end":{"line":126,"column":36}},"loc":{"start":{"line":126,"column":64},"end":{"line":135,"column":1}}},"7":{"name":"deleteAccount","decl":{"start":{"line":139,"column":22},"end":{"line":139,"column":35}},"loc":{"start":{"line":139,"column":63},"end":{"line":149,"column":1}}},"8":{"name":"updateAvatar","decl":{"start":{"line":152,"column":22},"end":{"line":152,"column":34}},"loc":{"start":{"line":152,"column":62},"end":{"line":161,"column":1}}},"9":{"name":"updateNotifications","decl":{"start":{"line":164,"column":22},"end":{"line":164,"column":41}},"loc":{"start":{"line":164,"column":69},"end":{"line":172,"column":1}}},"10":{"name":"getAccountStats","decl":{"start":{"line":175,"column":22},"end":{"line":175,"column":37}},"loc":{"start":{"line":175,"column":65},"end":{"line":183,"column":1}}}},"branchMap":{"0":{"loc":{"start":{"line":36,"column":24},"end":{"line":36,"column":86}},"type":"cond-expr","locations":[{"start":{"line":36,"column":49},"end":{"line":36,"column":62}},{"start":{"line":36,"column":65},"end":{"line":36,"column":86}}]},"1":{"loc":{"start":{"line":40,"column":23},"end":{"line":40,"column":69}},"type":"cond-expr","locations":[{"start":{"line":40,"column":60},"end":{"line":40,"column":63}},{"start":{"line":40,"column":66},"end":{"line":40,"column":69}}]},"2":{"loc":{"start":{"line":55,"column":24},"end":{"line":55,"column":79}},"type":"cond-expr","locations":[{"start":{"line":55,"column":49},"end":{"line":55,"column":62}},{"start":{"line":55,"column":65},"end":{"line":55,"column":79}}]},"3":{"loc":{"start":{"line":86,"column":24},"end":{"line":86,"column":85}},"type":"cond-expr","locations":[{"start":{"line":86,"column":49},"end":{"line":86,"column":62}},{"start":{"line":86,"column":65},"end":{"line":86,"column":85}}]},"4":{"loc":{"start":{"line":102,"column":24},"end":{"line":102,"column":80}},"type":"cond-expr","locations":[{"start":{"line":102,"column":49},"end":{"line":102,"column":62}},{"start":{"line":102,"column":65},"end":{"line":102,"column":80}}]},"5":{"loc":{"start":{"line":103,"column":23},"end":{"line":103,"column":69}},"type":"cond-expr","locations":[{"start":{"line":103,"column":60},"end":{"line":103,"column":63}},{"start":{"line":103,"column":66},"end":{"line":103,"column":69}}]},"6":{"loc":{"start":{"line":118,"column":24},"end":{"line":118,"column":92}},"type":"cond-expr","locations":[{"start":{"line":118,"column":49},"end":{"line":118,"column":62}},{"start":{"line":118,"column":65},"end":{"line":118,"column":92}}]},"7":{"loc":{"start":{"line":119,"column":23},"end":{"line":119,"column":64}},"type":"cond-expr","locations":[{"start":{"line":119,"column":55},"end":{"line":119,"column":58}},{"start":{"line":119,"column":61},"end":{"line":119,"column":64}}]},"8":{"loc":{"start":{"line":132,"column":24},"end":{"line":132,"column":92}},"type":"cond-expr","locations":[{"start":{"line":132,"column":49},"end":{"line":132,"column":62}},{"start":{"line":132,"column":65},"end":{"line":132,"column":92}}]},"9":{"loc":{"start":{"line":145,"column":24},"end":{"line":145,"column":91}},"type":"cond-expr","locations":[{"start":{"line":145,"column":49},"end":{"line":145,"column":62}},{"start":{"line":145,"column":65},"end":{"line":145,"column":91}}]},"10":{"loc":{"start":{"line":146,"column":23},"end":{"line":146,"column":64}},"type":"cond-expr","locations":[{"start":{"line":146,"column":55},"end":{"line":146,"column":58}},{"start":{"line":146,"column":61},"end":{"line":146,"column":64}}]},"11":{"loc":{"start":{"line":158,"column":24},"end":{"line":158,"column":90}},"type":"cond-expr","locations":[{"start":{"line":158,"column":49},"end":{"line":158,"column":62}},{"start":{"line":158,"column":65},"end":{"line":158,"column":90}}]},"12":{"loc":{"start":{"line":169,"column":24},"end":{"line":169,"column":97}},"type":"cond-expr","locations":[{"start":{"line":169,"column":49},"end":{"line":169,"column":62}},{"start":{"line":169,"column":65},"end":{"line":169,"column":97}}]},"13":{"loc":{"start":{"line":180,"column":24},"end":{"line":180,"column":88}},"type":"cond-expr","locations":[{"start":{"line":180,"column":49},"end":{"line":180,"column":62}},{"start":{"line":180,"column":65},"end":{"line":180,"column":88}}]}},"s":{"0":2,"1":2,"2":2,"3":2,"4":2,"5":2,"6":2,"7":2,"8":2,"9":2,"10":2,"11":2,"12":2,"13":4,"14":4,"15":3,"16":1,"17":1,"18":1,"19":4,"20":4,"21":2,"22":2,"23":2,"24":0,"25":1,"26":1,"27":1,"28":0,"29":0,"30":0,"31":0,"32":0,"33":0,"34":0,"35":0,"36":0,"37":0,"38":0,"39":0,"40":0,"41":0,"42":0,"43":0,"44":0,"45":0,"46":0,"47":0,"48":0,"49":0,"50":0,"51":0,"52":0,"53":0,"54":0,"55":0,"56":0,"57":0,"58":0,"59":0,"60":0,"61":0,"62":0,"63":0,"64":0,"65":0,"66":0,"67":0,"68":0,"69":0,"70":0,"71":0},"f":{"0":4,"1":4,"2":0,"3":1,"4":0,"5":0,"6":0,"7":0,"8":0,"9":0,"10":0},"b":{"0":[1,0],"1":[1,0],"2":[2,0],"3":[0,0],"4":[0,0],"5":[0,0],"6":[0,0],"7":[0,0],"8":[0,0],"9":[0,0],"10":[0,0],"11":[0,0],"12":[0,0],"13":[0,0]}}
,"D:\\spendwise\\apps\\api\\src\\controllers\\budget.controller.ts": {"path":"D:\\spendwise\\apps\\api\\src\\controllers\\budget.controller.ts","statementMap":{"0":{"start":{"line":14,"column":0},"end":{"line":14,"column":7}},"1":{"start":{"line":31,"column":0},"end":{"line":31,"column":7}},"2":{"start":{"line":54,"column":0},"end":{"line":54,"column":7}},"3":{"start":{"line":81,"column":0},"end":{"line":81,"column":7}},"4":{"start":{"line":9,"column":0},"end":{"line":9,"column":59}},"5":{"start":{"line":10,"column":0},"end":{"line":10,"column":58}},"6":{"start":{"line":15,"column":4},"end":{"line":26,"column":5}},"7":{"start":{"line":16,"column":23},"end":{"line":18,"column":null}},"8":{"start":{"line":20,"column":8},"end":{"line":20,"column":null}},"9":{"start":{"line":23,"column":24},"end":{"line":23,"column":90}},"10":{"start":{"line":24,"column":23},"end":{"line":24,"column":69}},"11":{"start":{"line":25,"column":8},"end":{"line":25,"column":null}},"12":{"start":{"line":32,"column":4},"end":{"line":49,"column":5}},"13":{"start":{"line":34,"column":20},"end":{"line":34,"column":30}},"14":{"start":{"line":35,"column":22},"end":{"line":35,"column":79}},"15":{"start":{"line":36,"column":21},"end":{"line":36,"column":76}},"16":{"start":{"line":38,"column":24},"end":{"line":41,"column":null}},"17":{"start":{"line":44,"column":8},"end":{"line":44,"column":null}},"18":{"start":{"line":47,"column":24},"end":{"line":47,"column":90}},"19":{"start":{"line":48,"column":8},"end":{"line":48,"column":null}},"20":{"start":{"line":55,"column":4},"end":{"line":76,"column":5}},"21":{"start":{"line":56,"column":24},"end":{"line":56,"column":87}},"22":{"start":{"line":57,"column":25},"end":{"line":57,"column":42}},"23":{"start":{"line":59,"column":8},"end":{"line":62,"column":9}},"24":{"start":{"line":60,"column":12},"end":{"line":60,"column":null}},"25":{"start":{"line":61,"column":12},"end":{"line":61,"column":18}},"26":{"start":{"line":64,"column":23},"end":{"line":67,"column":null}},"27":{"start":{"line":70,"column":8},"end":{"line":70,"column":null}},"28":{"start":{"line":73,"column":24},"end":{"line":73,"column":90}},"29":{"start":{"line":74,"column":23},"end":{"line":74,"column":64}},"30":{"start":{"line":75,"column":8},"end":{"line":75,"column":null}},"31":{"start":{"line":82,"column":4},"end":{"line":102,"column":5}},"32":{"start":{"line":83,"column":24},"end":{"line":83,"column":87}},"33":{"start":{"line":84,"column":25},"end":{"line":84,"column":42}},"34":{"start":{"line":86,"column":8},"end":{"line":89,"column":9}},"35":{"start":{"line":87,"column":12},"end":{"line":87,"column":null}},"36":{"start":{"line":88,"column":12},"end":{"line":88,"column":18}},"37":{"start":{"line":91,"column":23},"end":{"line":93,"column":null}},"38":{"start":{"line":96,"column":8},"end":{"line":96,"column":null}},"39":{"start":{"line":99,"column":24},"end":{"line":99,"column":90}},"40":{"start":{"line":100,"column":23},"end":{"line":100,"column":64}},"41":{"start":{"line":101,"column":8},"end":{"line":101,"column":null}}},"fnMap":{"0":{"name":"createBudget","decl":{"start":{"line":14,"column":22},"end":{"line":14,"column":34}},"loc":{"start":{"line":14,"column":62},"end":{"line":27,"column":1}}},"1":{"name":"getBudgets","decl":{"start":{"line":31,"column":22},"end":{"line":31,"column":32}},"loc":{"start":{"line":31,"column":60},"end":{"line":50,"column":1}}},"2":{"name":"updateBudget","decl":{"start":{"line":54,"column":22},"end":{"line":54,"column":34}},"loc":{"start":{"line":54,"column":62},"end":{"line":77,"column":1}}},"3":{"name":"deleteBudget","decl":{"start":{"line":81,"column":22},"end":{"line":81,"column":34}},"loc":{"start":{"line":81,"column":62},"end":{"line":103,"column":1}}}},"branchMap":{"0":{"loc":{"start":{"line":23,"column":24},"end":{"line":23,"column":90}},"type":"cond-expr","locations":[{"start":{"line":23,"column":49},"end":{"line":23,"column":62}},{"start":{"line":23,"column":65},"end":{"line":23,"column":90}}]},"1":{"loc":{"start":{"line":24,"column":23},"end":{"line":24,"column":69}},"type":"cond-expr","locations":[{"start":{"line":24,"column":60},"end":{"line":24,"column":63}},{"start":{"line":24,"column":66},"end":{"line":24,"column":69}}]},"2":{"loc":{"start":{"line":35,"column":22},"end":{"line":35,"column":79}},"type":"binary-expr","locations":[{"start":{"line":35,"column":22},"end":{"line":35,"column":57}},{"start":{"line":35,"column":61},"end":{"line":35,"column":79}}]},"3":{"loc":{"start":{"line":36,"column":21},"end":{"line":36,"column":76}},"type":"binary-expr","locations":[{"start":{"line":36,"column":21},"end":{"line":36,"column":55}},{"start":{"line":36,"column":59},"end":{"line":36,"column":76}}]},"4":{"loc":{"start":{"line":47,"column":24},"end":{"line":47,"column":90}},"type":"cond-expr","locations":[{"start":{"line":47,"column":49},"end":{"line":47,"column":62}},{"start":{"line":47,"column":65},"end":{"line":47,"column":90}}]},"5":{"loc":{"start":{"line":56,"column":24},"end":{"line":56,"column":87}},"type":"cond-expr","locations":[{"start":{"line":56,"column":55},"end":{"line":56,"column":71}},{"start":{"line":56,"column":74},"end":{"line":56,"column":87}}]},"6":{"loc":{"start":{"line":59,"column":8},"end":{"line":62,"column":9}},"type":"if","locations":[{"start":{"line":59,"column":8},"end":{"line":62,"column":9}},{"start":{},"end":{}}]},"7":{"loc":{"start":{"line":73,"column":24},"end":{"line":73,"column":90}},"type":"cond-expr","locations":[{"start":{"line":73,"column":49},"end":{"line":73,"column":62}},{"start":{"line":73,"column":65},"end":{"line":73,"column":90}}]},"8":{"loc":{"start":{"line":74,"column":23},"end":{"line":74,"column":64}},"type":"cond-expr","locations":[{"start":{"line":74,"column":55},"end":{"line":74,"column":58}},{"start":{"line":74,"column":61},"end":{"line":74,"column":64}}]},"9":{"loc":{"start":{"line":83,"column":24},"end":{"line":83,"column":87}},"type":"cond-expr","locations":[{"start":{"line":83,"column":55},"end":{"line":83,"column":71}},{"start":{"line":83,"column":74},"end":{"line":83,"column":87}}]},"10":{"loc":{"start":{"line":86,"column":8},"end":{"line":89,"column":9}},"type":"if","locations":[{"start":{"line":86,"column":8},"end":{"line":89,"column":9}},{"start":{},"end":{}}]},"11":{"loc":{"start":{"line":99,"column":24},"end":{"line":99,"column":90}},"type":"cond-expr","locations":[{"start":{"line":99,"column":49},"end":{"line":99,"column":62}},{"start":{"line":99,"column":65},"end":{"line":99,"column":90}}]},"12":{"loc":{"start":{"line":100,"column":23},"end":{"line":100,"column":64}},"type":"cond-expr","locations":[{"start":{"line":100,"column":55},"end":{"line":100,"column":58}},{"start":{"line":100,"column":61},"end":{"line":100,"column":64}}]}},"s":{"0":2,"1":2,"2":2,"3":2,"4":2,"5":2,"6":0,"7":0,"8":0,"9":0,"10":0,"11":0,"12":0,"13":0,"14":0,"15":0,"16":0,"17":0,"18":0,"19":0,"20":0,"21":0,"22":0,"23":0,"24":0,"25":0,"26":0,"27":0,"28":0,"29":0,"30":0,"31":0,"32":0,"33":0,"34":0,"35":0,"36":0,"37":0,"38":0,"39":0,"40":0,"41":0},"f":{"0":0,"1":0,"2":0,"3":0},"b":{"0":[0,0],"1":[0,0],"2":[0,0],"3":[0,0],"4":[0,0],"5":[0,0],"6":[0,0],"7":[0,0],"8":[0,0],"9":[0,0],"10":[0,0],"11":[0,0],"12":[0,0]}}
,"D:\\spendwise\\apps\\api\\src\\controllers\\expense.controller.ts": {"path":"D:\\spendwise\\apps\\api\\src\\controllers\\expense.controller.ts","statementMap":{"0":{"start":{"line":20,"column":0},"end":{"line":20,"column":7}},"1":{"start":{"line":37,"column":0},"end":{"line":37,"column":7}},"2":{"start":{"line":58,"column":0},"end":{"line":58,"column":7}},"3":{"start":{"line":84,"column":0},"end":{"line":84,"column":7}},"4":{"start":{"line":111,"column":0},"end":{"line":111,"column":7}},"5":{"start":{"line":137,"column":0},"end":{"line":137,"column":7}},"6":{"start":{"line":14,"column":0},"end":{"line":14,"column":61}},"7":{"start":{"line":15,"column":0},"end":{"line":15,"column":58}},"8":{"start":{"line":16,"column":0},"end":{"line":16,"column":69}},"9":{"start":{"line":21,"column":4},"end":{"line":32,"column":5}},"10":{"start":{"line":22,"column":24},"end":{"line":25,"column":null}},"11":{"start":{"line":27,"column":8},"end":{"line":27,"column":null}},"12":{"start":{"line":30,"column":24},"end":{"line":30,"column":91}},"13":{"start":{"line":31,"column":8},"end":{"line":31,"column":null}},"14":{"start":{"line":38,"column":4},"end":{"line":53,"column":5}},"15":{"start":{"line":41,"column":24},"end":{"line":41,"column":60}},"16":{"start":{"line":43,"column":23},"end":{"line":45,"column":null}},"17":{"start":{"line":48,"column":8},"end":{"line":48,"column":null}},"18":{"start":{"line":51,"column":24},"end":{"line":51,"column":91}},"19":{"start":{"line":52,"column":8},"end":{"line":52,"column":null}},"20":{"start":{"line":59,"column":4},"end":{"line":79,"column":5}},"21":{"start":{"line":61,"column":22},"end":{"line":61,"column":85}},"22":{"start":{"line":62,"column":26},"end":{"line":62,"column":49}},"23":{"start":{"line":64,"column":8},"end":{"line":67,"column":9}},"24":{"start":{"line":65,"column":12},"end":{"line":65,"column":null}},"25":{"start":{"line":66,"column":12},"end":{"line":66,"column":18}},"26":{"start":{"line":69,"column":24},"end":{"line":71,"column":null}},"27":{"start":{"line":74,"column":8},"end":{"line":74,"column":null}},"28":{"start":{"line":77,"column":24},"end":{"line":77,"column":84}},"29":{"start":{"line":78,"column":8},"end":{"line":78,"column":null}},"30":{"start":{"line":85,"column":4},"end":{"line":106,"column":5}},"31":{"start":{"line":86,"column":22},"end":{"line":86,"column":85}},"32":{"start":{"line":87,"column":26},"end":{"line":87,"column":49}},"33":{"start":{"line":89,"column":8},"end":{"line":92,"column":9}},"34":{"start":{"line":90,"column":12},"end":{"line":90,"column":null}},"35":{"start":{"line":91,"column":12},"end":{"line":91,"column":18}},"36":{"start":{"line":94,"column":24},"end":{"line":97,"column":null}},"37":{"start":{"line":100,"column":8},"end":{"line":100,"column":null}},"38":{"start":{"line":103,"column":24},"end":{"line":103,"column":91}},"39":{"start":{"line":104,"column":23},"end":{"line":104,"column":64}},"40":{"start":{"line":105,"column":8},"end":{"line":105,"column":null}},"41":{"start":{"line":112,"column":4},"end":{"line":132,"column":5}},"42":{"start":{"line":113,"column":22},"end":{"line":113,"column":85}},"43":{"start":{"line":114,"column":26},"end":{"line":114,"column":49}},"44":{"start":{"line":116,"column":8},"end":{"line":119,"column":9}},"45":{"start":{"line":117,"column":12},"end":{"line":117,"column":null}},"46":{"start":{"line":118,"column":12},"end":{"line":118,"column":18}},"47":{"start":{"line":121,"column":23},"end":{"line":123,"column":null}},"48":{"start":{"line":126,"column":8},"end":{"line":126,"column":null}},"49":{"start":{"line":129,"column":24},"end":{"line":129,"column":91}},"50":{"start":{"line":130,"column":23},"end":{"line":130,"column":64}},"51":{"start":{"line":131,"column":8},"end":{"line":131,"column":null}},"52":{"start":{"line":138,"column":4},"end":{"line":155,"column":5}},"53":{"start":{"line":140,"column":20},"end":{"line":140,"column":30}},"54":{"start":{"line":141,"column":22},"end":{"line":141,"column":79}},"55":{"start":{"line":142,"column":21},"end":{"line":142,"column":76}},"56":{"start":{"line":144,"column":24},"end":{"line":147,"column":null}},"57":{"start":{"line":150,"column":8},"end":{"line":150,"column":null}},"58":{"start":{"line":153,"column":24},"end":{"line":153,"column":90}},"59":{"start":{"line":154,"column":8},"end":{"line":154,"column":null}}},"fnMap":{"0":{"name":"createExpense","decl":{"start":{"line":20,"column":22},"end":{"line":20,"column":35}},"loc":{"start":{"line":20,"column":63},"end":{"line":33,"column":1}}},"1":{"name":"getExpenses","decl":{"start":{"line":37,"column":22},"end":{"line":37,"column":33}},"loc":{"start":{"line":37,"column":61},"end":{"line":54,"column":1}}},"2":{"name":"getExpense","decl":{"start":{"line":58,"column":22},"end":{"line":58,"column":32}},"loc":{"start":{"line":58,"column":60},"end":{"line":80,"column":1}}},"3":{"name":"updateExpense","decl":{"start":{"line":84,"column":22},"end":{"line":84,"column":35}},"loc":{"start":{"line":84,"column":63},"end":{"line":107,"column":1}}},"4":{"name":"deleteExpense","decl":{"start":{"line":111,"column":22},"end":{"line":111,"column":35}},"loc":{"start":{"line":111,"column":63},"end":{"line":133,"column":1}}},"5":{"name":"getExpenseSummary","decl":{"start":{"line":137,"column":22},"end":{"line":137,"column":39}},"loc":{"start":{"line":137,"column":67},"end":{"line":156,"column":1}}}},"branchMap":{"0":{"loc":{"start":{"line":30,"column":24},"end":{"line":30,"column":91}},"type":"cond-expr","locations":[{"start":{"line":30,"column":49},"end":{"line":30,"column":62}},{"start":{"line":30,"column":65},"end":{"line":30,"column":91}}]},"1":{"loc":{"start":{"line":51,"column":24},"end":{"line":51,"column":91}},"type":"cond-expr","locations":[{"start":{"line":51,"column":49},"end":{"line":51,"column":62}},{"start":{"line":51,"column":65},"end":{"line":51,"column":91}}]},"2":{"loc":{"start":{"line":61,"column":22},"end":{"line":61,"column":85}},"type":"cond-expr","locations":[{"start":{"line":61,"column":53},"end":{"line":61,"column":69}},{"start":{"line":61,"column":72},"end":{"line":61,"column":85}}]},"3":{"loc":{"start":{"line":64,"column":8},"end":{"line":67,"column":9}},"type":"if","locations":[{"start":{"line":64,"column":8},"end":{"line":67,"column":9}},{"start":{},"end":{}}]},"4":{"loc":{"start":{"line":77,"column":24},"end":{"line":77,"column":84}},"type":"cond-expr","locations":[{"start":{"line":77,"column":49},"end":{"line":77,"column":62}},{"start":{"line":77,"column":65},"end":{"line":77,"column":84}}]},"5":{"loc":{"start":{"line":86,"column":22},"end":{"line":86,"column":85}},"type":"cond-expr","locations":[{"start":{"line":86,"column":53},"end":{"line":86,"column":69}},{"start":{"line":86,"column":72},"end":{"line":86,"column":85}}]},"6":{"loc":{"start":{"line":89,"column":8},"end":{"line":92,"column":9}},"type":"if","locations":[{"start":{"line":89,"column":8},"end":{"line":92,"column":9}},{"start":{},"end":{}}]},"7":{"loc":{"start":{"line":103,"column":24},"end":{"line":103,"column":91}},"type":"cond-expr","locations":[{"start":{"line":103,"column":49},"end":{"line":103,"column":62}},{"start":{"line":103,"column":65},"end":{"line":103,"column":91}}]},"8":{"loc":{"start":{"line":104,"column":23},"end":{"line":104,"column":64}},"type":"cond-expr","locations":[{"start":{"line":104,"column":55},"end":{"line":104,"column":58}},{"start":{"line":104,"column":61},"end":{"line":104,"column":64}}]},"9":{"loc":{"start":{"line":113,"column":22},"end":{"line":113,"column":85}},"type":"cond-expr","locations":[{"start":{"line":113,"column":53},"end":{"line":113,"column":69}},{"start":{"line":113,"column":72},"end":{"line":113,"column":85}}]},"10":{"loc":{"start":{"line":116,"column":8},"end":{"line":119,"column":9}},"type":"if","locations":[{"start":{"line":116,"column":8},"end":{"line":119,"column":9}},{"start":{},"end":{}}]},"11":{"loc":{"start":{"line":129,"column":24},"end":{"line":129,"column":91}},"type":"cond-expr","locations":[{"start":{"line":129,"column":49},"end":{"line":129,"column":62}},{"start":{"line":129,"column":65},"end":{"line":129,"column":91}}]},"12":{"loc":{"start":{"line":130,"column":23},"end":{"line":130,"column":64}},"type":"cond-expr","locations":[{"start":{"line":130,"column":55},"end":{"line":130,"column":58}},{"start":{"line":130,"column":61},"end":{"line":130,"column":64}}]},"13":{"loc":{"start":{"line":141,"column":22},"end":{"line":141,"column":79}},"type":"binary-expr","locations":[{"start":{"line":141,"column":22},"end":{"line":141,"column":57}},{"start":{"line":141,"column":61},"end":{"line":141,"column":79}}]},"14":{"loc":{"start":{"line":142,"column":21},"end":{"line":142,"column":76}},"type":"binary-expr","locations":[{"start":{"line":142,"column":21},"end":{"line":142,"column":55}},{"start":{"line":142,"column":59},"end":{"line":142,"column":76}}]},"15":{"loc":{"start":{"line":153,"column":24},"end":{"line":153,"column":90}},"type":"cond-expr","locations":[{"start":{"line":153,"column":49},"end":{"line":153,"column":62}},{"start":{"line":153,"column":65},"end":{"line":153,"column":90}}]}},"s":{"0":2,"1":2,"2":2,"3":2,"4":2,"5":2,"6":2,"7":2,"8":2,"9":2,"10":2,"11":1,"12":1,"13":1,"14":1,"15":1,"16":1,"17":1,"18":0,"19":0,"20":2,"21":2,"22":2,"23":2,"24":0,"25":0,"26":2,"27":0,"28":2,"29":2,"30":2,"31":2,"32":2,"33":2,"34":0,"35":0,"36":2,"37":1,"38":1,"39":1,"40":1,"41":1,"42":1,"43":1,"44":1,"45":0,"46":0,"47":1,"48":1,"49":0,"50":0,"51":0,"52":0,"53":0,"54":0,"55":0,"56":0,"57":0,"58":0,"59":0},"f":{"0":2,"1":1,"2":2,"3":2,"4":1,"5":0},"b":{"0":[1,0],"1":[0,0],"2":[0,2],"3":[0,2],"4":[2,0],"5":[0,2],"6":[0,2],"7":[1,0],"8":[1,0],"9":[0,1],"10":[0,1],"11":[0,0],"12":[0,0],"13":[0,0],"14":[0,0],"15":[0,0]}}
,"D:\\spendwise\\apps\\api\\src\\controllers\\export.controller.ts": {"path":"D:\\spendwise\\apps\\api\\src\\controllers\\export.controller.ts","statementMap":{"0":{"start":{"line":14,"column":0},"end":{"line":14,"column":7}},"1":{"start":{"line":35,"column":0},"end":{"line":35,"column":7}},"2":{"start":{"line":55,"column":0},"end":{"line":55,"column":7}},"3":{"start":{"line":6,"column":0},"end":{"line":6,"column":87}},"4":{"start":{"line":7,"column":0},"end":{"line":7,"column":58}},"5":{"start":{"line":10,"column":19},"end":{"line":10,"column":36}},"6":{"start":{"line":11,"column":4},"end":{"line":11,"column":null}},"7":{"start":{"line":15,"column":4},"end":{"line":32,"column":5}},"8":{"start":{"line":16,"column":20},"end":{"line":16,"column":30}},"9":{"start":{"line":17,"column":26},"end":{"line":17,"column":114}},"10":{"start":{"line":18,"column":24},"end":{"line":18,"column":126}},"11":{"start":{"line":19,"column":27},"end":{"line":19,"column":102}},"12":{"start":{"line":21,"column":26},"end":{"line":21,"column":105}},"13":{"start":{"line":23,"column":25},"end":{"line":23,"column":89}},"14":{"start":{"line":24,"column":8},"end":{"line":24,"column":null}},"15":{"start":{"line":25,"column":8},"end":{"line":25,"column":null}},"16":{"start":{"line":26,"column":8},"end":{"line":26,"column":null}},"17":{"start":{"line":27,"column":8},"end":{"line":27,"column":null}},"18":{"start":{"line":30,"column":24},"end":{"line":30,"column":89}},"19":{"start":{"line":31,"column":8},"end":{"line":31,"column":null}},"20":{"start":{"line":36,"column":4},"end":{"line":52,"column":5}},"21":{"start":{"line":37,"column":20},"end":{"line":37,"column":30}},"22":{"start":{"line":38,"column":26},"end":{"line":38,"column":114}},"23":{"start":{"line":39,"column":24},"end":{"line":39,"column":126}},"24":{"start":{"line":40,"column":27},"end":{"line":40,"column":102}},"25":{"start":{"line":42,"column":27},"end":{"line":42,"column":106}},"26":{"start":{"line":44,"column":25},"end":{"line":44,"column":91}},"27":{"start":{"line":45,"column":8},"end":{"line":45,"column":null}},"28":{"start":{"line":46,"column":8},"end":{"line":46,"column":null}},"29":{"start":{"line":47,"column":8},"end":{"line":47,"column":null}},"30":{"start":{"line":50,"column":24},"end":{"line":50,"column":89}},"31":{"start":{"line":51,"column":8},"end":{"line":51,"column":null}},"32":{"start":{"line":56,"column":4},"end":{"line":68,"column":5}},"33":{"start":{"line":57,"column":20},"end":{"line":57,"column":30}},"34":{"start":{"line":58,"column":26},"end":{"line":58,"column":114}},"35":{"start":{"line":59,"column":24},"end":{"line":59,"column":126}},"36":{"start":{"line":60,"column":27},"end":{"line":60,"column":102}},"37":{"start":{"line":62,"column":24},"end":{"line":62,"column":108}},"38":{"start":{"line":63,"column":8},"end":{"line":63,"column":null}},"39":{"start":{"line":66,"column":24},"end":{"line":66,"column":90}},"40":{"start":{"line":67,"column":8},"end":{"line":67,"column":null}}},"fnMap":{"0":{"name":"parseDate","decl":{"start":{"line":9,"column":9},"end":{"line":9,"column":18}},"loc":{"start":{"line":9,"column":50},"end":{"line":12,"column":1}}},"1":{"name":"exportPDF","decl":{"start":{"line":14,"column":22},"end":{"line":14,"column":31}},"loc":{"start":{"line":14,"column":59},"end":{"line":33,"column":1}}},"2":{"name":"exportCSV","decl":{"start":{"line":35,"column":22},"end":{"line":35,"column":31}},"loc":{"start":{"line":35,"column":59},"end":{"line":53,"column":1}}},"3":{"name":"exportPreview","decl":{"start":{"line":55,"column":22},"end":{"line":55,"column":35}},"loc":{"start":{"line":55,"column":63},"end":{"line":69,"column":1}}}},"branchMap":{"0":{"loc":{"start":{"line":11,"column":11},"end":{"line":11,"column":54}},"type":"cond-expr","locations":[{"start":{"line":11,"column":37},"end":{"line":11,"column":45}},{"start":{"line":11,"column":48},"end":{"line":11,"column":54}}]},"1":{"loc":{"start":{"line":19,"column":27},"end":{"line":19,"column":102}},"type":"cond-expr","locations":[{"start":{"line":19,"column":50},"end":{"line":19,"column":90}},{"start":{"line":19,"column":93},"end":{"line":19,"column":102}}]},"2":{"loc":{"start":{"line":30,"column":24},"end":{"line":30,"column":89}},"type":"cond-expr","locations":[{"start":{"line":30,"column":49},"end":{"line":30,"column":62}},{"start":{"line":30,"column":65},"end":{"line":30,"column":89}}]},"3":{"loc":{"start":{"line":40,"column":27},"end":{"line":40,"column":102}},"type":"cond-expr","locations":[{"start":{"line":40,"column":50},"end":{"line":40,"column":90}},{"start":{"line":40,"column":93},"end":{"line":40,"column":102}}]},"4":{"loc":{"start":{"line":50,"column":24},"end":{"line":50,"column":89}},"type":"cond-expr","locations":[{"start":{"line":50,"column":49},"end":{"line":50,"column":62}},{"start":{"line":50,"column":65},"end":{"line":50,"column":89}}]},"5":{"loc":{"start":{"line":60,"column":27},"end":{"line":60,"column":102}},"type":"cond-expr","locations":[{"start":{"line":60,"column":50},"end":{"line":60,"column":90}},{"start":{"line":60,"column":93},"end":{"line":60,"column":102}}]},"6":{"loc":{"start":{"line":66,"column":24},"end":{"line":66,"column":90}},"type":"cond-expr","locations":[{"start":{"line":66,"column":49},"end":{"line":66,"column":62}},{"start":{"line":66,"column":65},"end":{"line":66,"column":90}}]}},"s":{"0":2,"1":2,"2":2,"3":2,"4":2,"5":0,"6":0,"7":0,"8":0,"9":0,"10":0,"11":0,"12":0,"13":0,"14":0,"15":0,"16":0,"17":0,"18":0,"19":0,"20":0,"21":0,"22":0,"23":0,"24":0,"25":0,"26":0,"27":0,"28":0,"29":0,"30":0,"31":0,"32":0,"33":0,"34":0,"35":0,"36":0,"37":0,"38":0,"39":0,"40":0},"f":{"0":0,"1":0,"2":0,"3":0},"b":{"0":[0,0],"1":[0,0],"2":[0,0],"3":[0,0],"4":[0,0],"5":[0,0],"6":[0,0]}}
,"D:\\spendwise\\apps\\api\\src\\controllers\\insights.controller.ts": {"path":"D:\\spendwise\\apps\\api\\src\\controllers\\insights.controller.ts","statementMap":{"0":{"start":{"line":12,"column":0},"end":{"line":12,"column":7}},"1":{"start":{"line":9,"column":0},"end":{"line":9,"column":57}},"2":{"start":{"line":10,"column":0},"end":{"line":10,"column":58}},"3":{"start":{"line":13,"column":4},"end":{"line":21,"column":5}},"4":{"start":{"line":14,"column":25},"end":{"line":14,"column":65}},"5":{"start":{"line":15,"column":8},"end":{"line":15,"column":null}},"6":{"start":{"line":17,"column":24},"end":{"line":19,"column":43}},"7":{"start":{"line":20,"column":8},"end":{"line":20,"column":null}}},"fnMap":{"0":{"name":"getInsights","decl":{"start":{"line":12,"column":22},"end":{"line":12,"column":33}},"loc":{"start":{"line":12,"column":61},"end":{"line":22,"column":1}}}},"branchMap":{"0":{"loc":{"start":{"line":17,"column":24},"end":{"line":19,"column":43}},"type":"cond-expr","locations":[{"start":{"line":18,"column":14},"end":{"line":18,"column":27}},{"start":{"line":19,"column":14},"end":{"line":19,"column":43}}]}},"s":{"0":2,"1":2,"2":2,"3":0,"4":0,"5":0,"6":0,"7":0},"f":{"0":0},"b":{"0":[0,0]}}
,"D:\\spendwise\\apps\\api\\src\\middleware\\auth.middleware.ts": {"path":"D:\\spendwise\\apps\\api\\src\\middleware\\auth.middleware.ts","statementMap":{"0":{"start":{"line":39,"column":0},"end":{"line":39,"column":16}},"1":{"start":{"line":21,"column":0},"end":{"line":21,"column":42}},"2":{"start":{"line":22,"column":0},"end":{"line":22,"column":45}},"3":{"start":{"line":40,"column":4},"end":{"line":70,"column":5}},"4":{"start":{"line":43,"column":27},"end":{"line":43,"column":52}},"5":{"start":{"line":45,"column":8},"end":{"line":49,"column":9}},"6":{"start":{"line":47,"column":12},"end":{"line":47,"column":null}},"7":{"start":{"line":48,"column":12},"end":{"line":48,"column":18}},"8":{"start":{"line":52,"column":22},"end":{"line":52,"column":46}},"9":{"start":{"line":55,"column":24},"end":{"line":55,"column":42}},"10":{"start":{"line":59,"column":8},"end":{"line":62,"column":null}},"11":{"start":{"line":65,"column":8},"end":{"line":65,"column":null}},"12":{"start":{"line":69,"column":8},"end":{"line":69,"column":null}}},"fnMap":{"0":{"name":"protect","decl":{"start":{"line":39,"column":16},"end":{"line":39,"column":23}},"loc":{"start":{"line":39,"column":71},"end":{"line":71,"column":1}}}},"branchMap":{"0":{"loc":{"start":{"line":45,"column":8},"end":{"line":49,"column":9}},"type":"if","locations":[{"start":{"line":45,"column":8},"end":{"line":49,"column":9}},{"start":{},"end":{}}]},"1":{"loc":{"start":{"line":45,"column":12},"end":{"line":45,"column":60}},"type":"binary-expr","locations":[{"start":{"line":45,"column":12},"end":{"line":45,"column":23}},{"start":{"line":45,"column":27},"end":{"line":45,"column":60}}]}},"s":{"0":2,"1":2,"2":2,"3":13,"4":13,"5":13,"6":2,"7":2,"8":11,"9":11,"10":10,"11":10,"12":1},"f":{"0":13},"b":{"0":[2,11],"1":[13,11]}}
,"D:\\spendwise\\apps\\api\\src\\middleware\\error.middleware.ts": {"path":"D:\\spendwise\\apps\\api\\src\\middleware\\error.middleware.ts","statementMap":{"0":{"start":{"line":21,"column":0},"end":{"line":21,"column":16}},"1":{"start":{"line":46,"column":0},"end":{"line":46,"column":16}},"2":{"start":{"line":17,"column":0},"end":{"line":17,"column":35}},"3":{"start":{"line":28,"column":4},"end":{"line":28,"column":null}},"4":{"start":{"line":32,"column":21},"end":{"line":37,"column":null}},"5":{"start":{"line":40,"column":4},"end":{"line":40,"column":null}},"6":{"start":{"line":47,"column":4},"end":{"line":50,"column":null}}},"fnMap":{"0":{"name":"errorHandler","decl":{"start":{"line":21,"column":16},"end":{"line":21,"column":28}},"loc":{"start":{"line":25,"column":22},"end":{"line":41,"column":1}}},"1":{"name":"notFoundHandler","decl":{"start":{"line":46,"column":16},"end":{"line":46,"column":31}},"loc":{"start":{"line":46,"column":59},"end":{"line":51,"column":1}}}},"branchMap":{"0":{"loc":{"start":{"line":34,"column":17},"end":{"line":34,"column":55}},"type":"binary-expr","locations":[{"start":{"line":34,"column":17},"end":{"line":34,"column":28}},{"start":{"line":34,"column":32},"end":{"line":34,"column":55}}]},"1":{"loc":{"start":{"line":36,"column":12},"end":{"line":36,"column":45}},"type":"binary-expr","locations":[{"start":{"line":36,"column":12},"end":{"line":36,"column":21}},{"start":{"line":36,"column":25},"end":{"line":36,"column":45}}]}},"s":{"0":2,"1":2,"2":2,"3":0,"4":0,"5":0,"6":0},"f":{"0":0,"1":0},"b":{"0":[0,0],"1":[0,0]}}
,"D:\\spendwise\\apps\\api\\src\\middleware\\validate.middleware.ts": {"path":"D:\\spendwise\\apps\\api\\src\\middleware\\validate.middleware.ts","statementMap":{"0":{"start":{"line":23,"column":0},"end":{"line":23,"column":16}},"1":{"start":{"line":19,"column":0},"end":{"line":19,"column":45}},"2":{"start":{"line":24,"column":4},"end":{"line":51,"column":null}},"3":{"start":{"line":25,"column":8},"end":{"line":50,"column":9}},"4":{"start":{"line":28,"column":27},"end":{"line":28,"column":53}},"5":{"start":{"line":30,"column":12},"end":{"line":39,"column":13}},"6":{"start":{"line":32,"column":31},"end":{"line":35,"column":19}},"7":{"start":{"line":32,"column":65},"end":{"line":35,"column":18}},"8":{"start":{"line":37,"column":16},"end":{"line":37,"column":null}},"9":{"start":{"line":38,"column":16},"end":{"line":38,"column":22}},"10":{"start":{"line":43,"column":12},"end":{"line":43,"column":null}},"11":{"start":{"line":46,"column":12},"end":{"line":46,"column":null}},"12":{"start":{"line":49,"column":12},"end":{"line":49,"column":null}}},"fnMap":{"0":{"name":"validate","decl":{"start":{"line":23,"column":16},"end":{"line":23,"column":24}},"loc":{"start":{"line":23,"column":42},"end":{"line":52,"column":1}}},"1":{"name":"(anonymous_1)","decl":{"start":{"line":24,"column":11},"end":{"line":24,"column":12}},"loc":{"start":{"line":24,"column":69},"end":{"line":51,"column":5}}},"2":{"name":"(anonymous_2)","decl":{"start":{"line":32,"column":55},"end":{"line":32,"column":56}},"loc":{"start":{"line":32,"column":65},"end":{"line":35,"column":18}}}},"branchMap":{"0":{"loc":{"start":{"line":30,"column":12},"end":{"line":39,"column":13}},"type":"if","locations":[{"start":{"line":30,"column":12},"end":{"line":39,"column":13}},{"start":{},"end":{}}]}},"s":{"0":2,"1":2,"2":22,"3":15,"4":15,"5":15,"6":3,"7":3,"8":3,"9":3,"10":12,"11":12,"12":0},"f":{"0":22,"1":15,"2":3},"b":{"0":[3,12]}}
,"D:\\spendwise\\apps\\api\\src\\routes\\analytics.routes.ts": {"path":"D:\\spendwise\\apps\\api\\src\\routes\\analytics.routes.ts","statementMap":{"0":{"start":{"line":8,"column":0},"end":{"line":8,"column":32}},"1":{"start":{"line":9,"column":0},"end":{"line":9,"column":55}},"2":{"start":{"line":10,"column":0},"end":{"line":10,"column":74}},"3":{"start":{"line":12,"column":15},"end":{"line":12,"column":23}},"4":{"start":{"line":15,"column":0},"end":{"line":15,"column":null}},"5":{"start":{"line":18,"column":0},"end":{"line":18,"column":null}},"6":{"start":{"line":21,"column":0},"end":{"line":21,"column":null}},"7":{"start":{"line":24,"column":0},"end":{"line":24,"column":null}},"8":{"start":{"line":27,"column":0},"end":{"line":27,"column":null}},"9":{"start":{"line":29,"column":0},"end":{"line":29,"column":null}}},"fnMap":{},"branchMap":{},"s":{"0":2,"1":2,"2":2,"3":2,"4":2,"5":2,"6":2,"7":2,"8":2,"9":2},"f":{},"b":{}}
,"D:\\spendwise\\apps\\api\\src\\routes\\auth.routes.ts": {"path":"D:\\spendwise\\apps\\api\\src\\routes\\auth.routes.ts","statementMap":{"0":{"start":{"line":13,"column":0},"end":{"line":13,"column":32}},"1":{"start":{"line":14,"column":0},"end":{"line":14,"column":60}},"2":{"start":{"line":15,"column":0},"end":{"line":15,"column":55}},"3":{"start":{"line":16,"column":0},"end":{"line":16,"column":186}},"4":{"start":{"line":17,"column":0},"end":{"line":17,"column":64}},"5":{"start":{"line":19,"column":15},"end":{"line":19,"column":23}},"6":{"start":{"line":27,"column":0},"end":{"line":31,"column":null}},"7":{"start":{"line":34,"column":0},"end":{"line":38,"column":null}},"8":{"start":{"line":42,"column":0},"end":{"line":42,"column":null}},"9":{"start":{"line":48,"column":0},"end":{"line":52,"column":null}},"10":{"start":{"line":55,"column":0},"end":{"line":60,"column":null}},"11":{"start":{"line":63,"column":0},"end":{"line":68,"column":null}},"12":{"start":{"line":71,"column":0},"end":{"line":75,"column":null}},"13":{"start":{"line":78,"column":0},"end":{"line":83,"column":null}},"14":{"start":{"line":85,"column":0},"end":{"line":85,"column":null}},"15":{"start":{"line":86,"column":0},"end":{"line":86,"column":null}},"16":{"start":{"line":87,"column":0},"end":{"line":87,"column":null}},"17":{"start":{"line":89,"column":0},"end":{"line":89,"column":null}}},"fnMap":{},"branchMap":{},"s":{"0":2,"1":2,"2":2,"3":2,"4":2,"5":2,"6":2,"7":2,"8":2,"9":2,"10":2,"11":2,"12":2,"13":2,"14":2,"15":2,"16":2,"17":2},"f":{},"b":{}}
,"D:\\spendwise\\apps\\api\\src\\routes\\budget.routes.ts": {"path":"D:\\spendwise\\apps\\api\\src\\routes\\budget.routes.ts","statementMap":{"0":{"start":{"line":7,"column":0},"end":{"line":7,"column":32}},"1":{"start":{"line":8,"column":0},"end":{"line":8,"column":55}},"2":{"start":{"line":9,"column":0},"end":{"line":9,"column":60}},"3":{"start":{"line":10,"column":0},"end":{"line":10,"column":87}},"4":{"start":{"line":11,"column":0},"end":{"line":11,"column":68}},"5":{"start":{"line":13,"column":15},"end":{"line":13,"column":23}},"6":{"start":{"line":16,"column":0},"end":{"line":16,"column":null}},"7":{"start":{"line":19,"column":0},"end":{"line":19,"column":null}},"8":{"start":{"line":22,"column":0},"end":{"line":26,"column":null}},"9":{"start":{"line":29,"column":0},"end":{"line":33,"column":null}},"10":{"start":{"line":36,"column":0},"end":{"line":36,"column":null}},"11":{"start":{"line":38,"column":0},"end":{"line":38,"column":null}}},"fnMap":{},"branchMap":{},"s":{"0":2,"1":2,"2":2,"3":2,"4":2,"5":2,"6":2,"7":2,"8":2,"9":2,"10":2,"11":2},"f":{},"b":{}}
,"D:\\spendwise\\apps\\api\\src\\routes\\category.routes.ts": {"path":"D:\\spendwise\\apps\\api\\src\\routes\\category.routes.ts","statementMap":{"0":{"start":{"line":12,"column":0},"end":{"line":12,"column":32}},"1":{"start":{"line":13,"column":0},"end":{"line":13,"column":55}},"2":{"start":{"line":14,"column":0},"end":{"line":14,"column":39}},"3":{"start":{"line":15,"column":0},"end":{"line":15,"column":58}},"4":{"start":{"line":17,"column":15},"end":{"line":17,"column":23}},"5":{"start":{"line":20,"column":0},"end":{"line":20,"column":null}},"6":{"start":{"line":24,"column":0},"end":{"line":35,"column":null}},"7":{"start":{"line":25,"column":4},"end":{"line":34,"column":5}},"8":{"start":{"line":26,"column":27},"end":{"line":28,"column":10}},"9":{"start":{"line":30,"column":8},"end":{"line":30,"column":null}},"10":{"start":{"line":33,"column":8},"end":{"line":33,"column":null}},"11":{"start":{"line":37,"column":0},"end":{"line":37,"column":null}}},"fnMap":{"0":{"name":"(anonymous_1)","decl":{"start":{"line":24,"column":16},"end":{"line":24,"column":21}},"loc":{"start":{"line":24,"column":35},"end":{"line":35,"column":1}}}},"branchMap":{},"s":{"0":2,"1":2,"2":2,"3":2,"4":2,"5":2,"6":2,"7":0,"8":0,"9":0,"10":0,"11":2},"f":{"0":0},"b":{}}
,"D:\\spendwise\\apps\\api\\src\\routes\\expense.routes.ts": {"path":"D:\\spendwise\\apps\\api\\src\\routes\\expense.routes.ts","statementMap":{"0":{"start":{"line":12,"column":0},"end":{"line":12,"column":32}},"1":{"start":{"line":13,"column":0},"end":{"line":13,"column":55}},"2":{"start":{"line":14,"column":0},"end":{"line":14,"column":60}},"3":{"start":{"line":15,"column":0},"end":{"line":15,"column":90}},"4":{"start":{"line":16,"column":0},"end":{"line":16,"column":70}},"5":{"start":{"line":18,"column":15},"end":{"line":18,"column":23}},"6":{"start":{"line":22,"column":0},"end":{"line":22,"column":null}},"7":{"start":{"line":27,"column":0},"end":{"line":27,"column":null}},"8":{"start":{"line":32,"column":0},"end":{"line":32,"column":null}},"9":{"start":{"line":36,"column":0},"end":{"line":40,"column":null}},"10":{"start":{"line":44,"column":0},"end":{"line":44,"column":null}},"11":{"start":{"line":48,"column":0},"end":{"line":52,"column":null}},"12":{"start":{"line":56,"column":0},"end":{"line":56,"column":null}},"13":{"start":{"line":58,"column":0},"end":{"line":58,"column":null}}},"fnMap":{},"branchMap":{},"s":{"0":2,"1":2,"2":2,"3":2,"4":2,"5":2,"6":2,"7":2,"8":2,"9":2,"10":2,"11":2,"12":2,"13":2},"f":{},"b":{}}
,"D:\\spendwise\\apps\\api\\src\\routes\\export.routes.ts": {"path":"D:\\spendwise\\apps\\api\\src\\routes\\export.routes.ts","statementMap":{"0":{"start":{"line":5,"column":0},"end":{"line":5,"column":39}},"1":{"start":{"line":6,"column":0},"end":{"line":6,"column":61}},"2":{"start":{"line":7,"column":0},"end":{"line":7,"column":86}},"3":{"start":{"line":9,"column":15},"end":{"line":9,"column":23}},"4":{"start":{"line":11,"column":0},"end":{"line":11,"column":null}},"5":{"start":{"line":13,"column":0},"end":{"line":13,"column":null}},"6":{"start":{"line":14,"column":0},"end":{"line":14,"column":null}},"7":{"start":{"line":15,"column":0},"end":{"line":15,"column":null}},"8":{"start":{"line":17,"column":0},"end":{"line":17,"column":null}}},"fnMap":{},"branchMap":{},"s":{"0":2,"1":2,"2":2,"3":2,"4":2,"5":2,"6":2,"7":2,"8":2},"f":{},"b":{}}
,"D:\\spendwise\\apps\\api\\src\\routes\\index.ts": {"path":"D:\\spendwise\\apps\\api\\src\\routes\\index.ts","statementMap":{"0":{"start":{"line":14,"column":0},"end":{"line":14,"column":32}},"1":{"start":{"line":15,"column":0},"end":{"line":15,"column":38}},"2":{"start":{"line":16,"column":0},"end":{"line":16,"column":44}},"3":{"start":{"line":17,"column":0},"end":{"line":17,"column":42}},"4":{"start":{"line":18,"column":0},"end":{"line":18,"column":48}},"5":{"start":{"line":19,"column":0},"end":{"line":19,"column":46}},"6":{"start":{"line":20,"column":0},"end":{"line":20,"column":45}},"7":{"start":{"line":21,"column":0},"end":{"line":21,"column":42}},"8":{"start":{"line":23,"column":15},"end":{"line":23,"column":23}},"9":{"start":{"line":28,"column":0},"end":{"line":34,"column":null}},"10":{"start":{"line":29,"column":4},"end":{"line":33,"column":null}},"11":{"start":{"line":38,"column":0},"end":{"line":38,"column":null}},"12":{"start":{"line":39,"column":0},"end":{"line":39,"column":null}},"13":{"start":{"line":40,"column":0},"end":{"line":40,"column":null}},"14":{"start":{"line":41,"column":0},"end":{"line":41,"column":null}},"15":{"start":{"line":42,"column":0},"end":{"line":42,"column":null}},"16":{"start":{"line":43,"column":0},"end":{"line":43,"column":null}},"17":{"start":{"line":44,"column":0},"end":{"line":44,"column":null}},"18":{"start":{"line":47,"column":0},"end":{"line":47,"column":null}}},"fnMap":{"0":{"name":"(anonymous_1)","decl":{"start":{"line":28,"column":22},"end":{"line":28,"column":23}},"loc":{"start":{"line":28,"column":35},"end":{"line":34,"column":1}}}},"branchMap":{},"s":{"0":2,"1":2,"2":2,"3":2,"4":2,"5":2,"6":2,"7":2,"8":2,"9":2,"10":0,"11":2,"12":2,"13":2,"14":2,"15":2,"16":2,"17":2,"18":2},"f":{"0":0},"b":{}}
,"D:\\spendwise\\apps\\api\\src\\routes\\insights.routes.ts": {"path":"D:\\spendwise\\apps\\api\\src\\routes\\insights.routes.ts","statementMap":{"0":{"start":{"line":7,"column":0},"end":{"line":7,"column":37}},"1":{"start":{"line":8,"column":0},"end":{"line":8,"column":59}},"2":{"start":{"line":9,"column":0},"end":{"line":9,"column":64}},"3":{"start":{"line":11,"column":15},"end":{"line":11,"column":23}},"4":{"start":{"line":14,"column":0},"end":{"line":14,"column":null}},"5":{"start":{"line":17,"column":0},"end":{"line":17,"column":null}},"6":{"start":{"line":19,"column":0},"end":{"line":19,"column":null}}},"fnMap":{},"branchMap":{},"s":{"0":2,"1":2,"2":2,"3":2,"4":2,"5":2,"6":2},"f":{},"b":{}}
,"D:\\spendwise\\apps\\api\\src\\services\\ai.service.ts": {"path":"D:\\spendwise\\apps\\api\\src\\services\\ai.service.ts","statementMap":{"0":{"start":{"line":16,"column":0},"end":{"line":16,"column":7}},"1":{"start":{"line":8,"column":0},"end":{"line":8,"column":58}},"2":{"start":{"line":9,"column":0},"end":{"line":9,"column":39}},"3":{"start":{"line":10,"column":0},"end":{"line":10,"column":35}},"4":{"start":{"line":14,"column":14},"end":{"line":14,"column":51}},"5":{"start":{"line":19,"column":26},"end":{"line":19,"column":36}},"6":{"start":{"line":20,"column":4},"end":{"line":20,"column":null}},"7":{"start":{"line":22,"column":21},"end":{"line":33,"column":6}},"8":{"start":{"line":36,"column":4},"end":{"line":43,"column":5}},"9":{"start":{"line":37,"column":8},"end":{"line":42,"column":null}},"10":{"start":{"line":50,"column":9},"end":{"line":50,"column":11}},"11":{"start":{"line":52,"column":21},"end":{"line":52,"column":22}},"12":{"start":{"line":54,"column":4},"end":{"line":64,"column":5}},"13":{"start":{"line":55,"column":21},"end":{"line":55,"column":42}},"14":{"start":{"line":57,"column":8},"end":{"line":59,"column":9}},"15":{"start":{"line":58,"column":12},"end":{"line":58,"column":null}},"16":{"start":{"line":61,"column":8},"end":{"line":61,"column":null}},"17":{"start":{"line":62,"column":8},"end":{"line":62,"column":null}},"18":{"start":{"line":63,"column":8},"end":{"line":63,"column":null}},"19":{"start":{"line":67,"column":30},"end":{"line":73,"column":19}},"20":{"start":{"line":68,"column":32},"end":{"line":68,"column":49}},"21":{"start":{"line":70,"column":24},"end":{"line":70,"column":68}},"22":{"start":{"line":71,"column":12},"end":{"line":71,"column":null}},"23":{"start":{"line":76,"column":19},"end":{"line":125,"column":null}},"24":{"start":{"line":128,"column":4},"end":{"line":152,"column":5}},"25":{"start":{"line":129,"column":22},"end":{"line":129,"column":77}},"26":{"start":{"line":130,"column":23},"end":{"line":130,"column":58}},"27":{"start":{"line":131,"column":21},"end":{"line":131,"column":43}},"28":{"start":{"line":134,"column":24},"end":{"line":137,"column":19}},"29":{"start":{"line":139,"column":23},"end":{"line":139,"column":42}},"30":{"start":{"line":141,"column":8},"end":{"line":147,"column":null}},"31":{"start":{"line":150,"column":8},"end":{"line":150,"column":null}},"32":{"start":{"line":151,"column":8},"end":{"line":151,"column":null}}},"fnMap":{"0":{"name":"generateInsights","decl":{"start":{"line":16,"column":22},"end":{"line":16,"column":38}},"loc":{"start":{"line":16,"column":53},"end":{"line":153,"column":1}}},"1":{"name":"(anonymous_2)","decl":{"start":{"line":68,"column":14},"end":{"line":68,"column":15}},"loc":{"start":{"line":68,"column":32},"end":{"line":68,"column":49}}},"2":{"name":"(anonymous_3)","decl":{"start":{"line":69,"column":13},"end":{"line":69,"column":14}},"loc":{"start":{"line":69,"column":30},"end":{"line":72,"column":9}}}},"branchMap":{"0":{"loc":{"start":{"line":36,"column":4},"end":{"line":43,"column":5}},"type":"if","locations":[{"start":{"line":36,"column":4},"end":{"line":43,"column":5}},{"start":{},"end":{}}]},"1":{"loc":{"start":{"line":57,"column":8},"end":{"line":59,"column":9}},"type":"if","locations":[{"start":{"line":57,"column":8},"end":{"line":59,"column":9}},{"start":{},"end":{}}]},"2":{"loc":{"start":{"line":142,"column":18},"end":{"line":142,"column":35}},"type":"binary-expr","locations":[{"start":{"line":142,"column":18},"end":{"line":142,"column":29}},{"start":{"line":142,"column":33},"end":{"line":142,"column":35}}]},"3":{"loc":{"start":{"line":143,"column":21},"end":{"line":143,"column":41}},"type":"binary-expr","locations":[{"start":{"line":143,"column":21},"end":{"line":143,"column":35}},{"start":{"line":143,"column":39},"end":{"line":143,"column":41}}]}},"s":{"0":2,"1":2,"2":2,"3":2,"4":2,"5":0,"6":0,"7":0,"8":0,"9":0,"10":0,"11":0,"12":0,"13":0,"14":0,"15":0,"16":0,"17":0,"18":0,"19":0,"20":0,"21":0,"22":0,"23":0,"24":0,"25":0,"26":0,"27":0,"28":0,"29":0,"30":0,"31":0,"32":0},"f":{"0":0,"1":0,"2":0},"b":{"0":[0,0],"1":[0,0],"2":[0,0],"3":[0,0]}}
,"D:\\spendwise\\apps\\api\\src\\services\\analytics.service.ts": {"path":"D:\\spendwise\\apps\\api\\src\\services\\analytics.service.ts","statementMap":{"0":{"start":{"line":19,"column":0},"end":{"line":19,"column":7}},"1":{"start":{"line":107,"column":0},"end":{"line":107,"column":7}},"2":{"start":{"line":156,"column":0},"end":{"line":156,"column":7}},"3":{"start":{"line":216,"column":0},"end":{"line":216,"column":7}},"4":{"start":{"line":13,"column":0},"end":{"line":13,"column":39}},"5":{"start":{"line":24,"column":25},"end":{"line":24,"column":53}},"6":{"start":{"line":25,"column":23},"end":{"line":25,"column":59}},"7":{"start":{"line":28,"column":21},"end":{"line":38,"column":6}},"8":{"start":{"line":42,"column":20},"end":{"line":44,"column":6}},"9":{"start":{"line":47,"column":46},"end":{"line":47,"column":48}},"10":{"start":{"line":48,"column":4},"end":{"line":50,"column":5}},"11":{"start":{"line":49,"column":8},"end":{"line":49,"column":null}},"12":{"start":{"line":62,"column":9},"end":{"line":62,"column":11}},"13":{"start":{"line":64,"column":4},"end":{"line":83,"column":5}},"14":{"start":{"line":65,"column":20},"end":{"line":65,"column":41}},"15":{"start":{"line":67,"column":8},"end":{"line":79,"column":9}},"16":{"start":{"line":68,"column":30},"end":{"line":68,"column":64}},"17":{"start":{"line":69,"column":12},"end":{"line":78,"column":null}},"18":{"start":{"line":81,"column":8},"end":{"line":81,"column":null}},"19":{"start":{"line":82,"column":8},"end":{"line":82,"column":null}},"20":{"start":{"line":86,"column":4},"end":{"line":91,"column":5}},"21":{"start":{"line":87,"column":20},"end":{"line":87,"column":36}},"22":{"start":{"line":88,"column":8},"end":{"line":90,"column":9}},"23":{"start":{"line":89,"column":12},"end":{"line":89,"column":null}},"24":{"start":{"line":94,"column":20},"end":{"line":95,"column":null}},"25":{"start":{"line":95,"column":18},"end":{"line":95,"column":35}},"26":{"start":{"line":98,"column":23},"end":{"line":98,"column":71}},"27":{"start":{"line":98,"column":52},"end":{"line":98,"column":67}},"28":{"start":{"line":100,"column":4},"end":{"line":100,"column":null}},"29":{"start":{"line":109,"column":19},"end":{"line":109,"column":21}},"30":{"start":{"line":110,"column":16},"end":{"line":110,"column":26}},"31":{"start":{"line":112,"column":4},"end":{"line":121,"column":5}},"32":{"start":{"line":112,"column":17},"end":{"line":112,"column":18}},"33":{"start":{"line":114,"column":21},"end":{"line":114,"column":71}},"34":{"start":{"line":115,"column":8},"end":{"line":120,"column":null}},"35":{"start":{"line":124,"column":18},"end":{"line":146,"column":null}},"36":{"start":{"line":126,"column":33},"end":{"line":126,"column":61}},"37":{"start":{"line":127,"column":31},"end":{"line":127,"column":67}},"38":{"start":{"line":130,"column":27},"end":{"line":137,"column":14}},"39":{"start":{"line":139,"column":12},"end":{"line":145,"column":null}},"40":{"start":{"line":149,"column":4},"end":{"line":149,"column":null}},"41":{"start":{"line":161,"column":25},"end":{"line":161,"column":53}},"42":{"start":{"line":162,"column":23},"end":{"line":162,"column":59}},"43":{"start":{"line":165,"column":21},"end":{"line":172,"column":6}},"44":{"start":{"line":176,"column":45},"end":{"line":176,"column":47}},"45":{"start":{"line":178,"column":4},"end":{"line":182,"column":5}},"46":{"start":{"line":180,"column":20},"end":{"line":180,"column":60}},"47":{"start":{"line":181,"column":8},"end":{"line":181,"column":null}},"48":{"start":{"line":186,"column":24},"end":{"line":186,"column":58}},"49":{"start":{"line":187,"column":18},"end":{"line":187,"column":20}},"50":{"start":{"line":189,"column":4},"end":{"line":200,"column":5}},"51":{"start":{"line":189,"column":19},"end":{"line":189,"column":20}},"52":{"start":{"line":191,"column":24},"end":{"line":191,"column":99}},"53":{"start":{"line":192,"column":22},"end":{"line":193,"column":62}},"54":{"start":{"line":195,"column":8},"end":{"line":199,"column":null}},"55":{"start":{"line":204,"column":23},"end":{"line":204,"column":24}},"56":{"start":{"line":205,"column":32},"end":{"line":208,"column":6}},"57":{"start":{"line":206,"column":8},"end":{"line":206,"column":null}},"58":{"start":{"line":207,"column":8},"end":{"line":207,"column":null}},"59":{"start":{"line":210,"column":4},"end":{"line":210,"column":null}},"60":{"start":{"line":217,"column":16},"end":{"line":217,"column":26}},"61":{"start":{"line":218,"column":18},"end":{"line":218,"column":36}},"62":{"start":{"line":219,"column":17},"end":{"line":219,"column":34}},"63":{"start":{"line":224,"column":8},"end":{"line":236,"column":10}},"64":{"start":{"line":239,"column":23},"end":{"line":252,"column":13}},"65":{"start":{"line":240,"column":29},"end":{"line":240,"column":57}},"66":{"start":{"line":241,"column":27},"end":{"line":241,"column":63}},"67":{"start":{"line":242,"column":22},"end":{"line":249,"column":10}},"68":{"start":{"line":250,"column":20},"end":{"line":250,"column":70}},"69":{"start":{"line":251,"column":8},"end":{"line":251,"column":null}},"70":{"start":{"line":254,"column":4},"end":{"line":266,"column":null}},"71":{"start":{"line":259,"column":67},"end":{"line":259,"column":78}}},"fnMap":{"0":{"name":"getCategorySummary","decl":{"start":{"line":19,"column":22},"end":{"line":19,"column":40}},"loc":{"start":{"line":22,"column":16},"end":{"line":101,"column":1}}},"1":{"name":"(anonymous_2)","decl":{"start":{"line":95,"column":8},"end":{"line":95,"column":9}},"loc":{"start":{"line":95,"column":18},"end":{"line":95,"column":35}}},"2":{"name":"(anonymous_3)","decl":{"start":{"line":98,"column":38},"end":{"line":98,"column":39}},"loc":{"start":{"line":98,"column":52},"end":{"line":98,"column":67}}},"3":{"name":"getMonthlyTrend","decl":{"start":{"line":107,"column":22},"end":{"line":107,"column":37}},"loc":{"start":{"line":107,"column":52},"end":{"line":150,"column":1}}},"4":{"name":"(anonymous_5)","decl":{"start":{"line":125,"column":19},"end":{"line":125,"column":24}},"loc":{"start":{"line":125,"column":52},"end":{"line":146,"column":9}}},"5":{"name":"getDailySpending","decl":{"start":{"line":156,"column":22},"end":{"line":156,"column":38}},"loc":{"start":{"line":159,"column":16},"end":{"line":211,"column":1}}},"6":{"name":"(anonymous_7)","decl":{"start":{"line":205,"column":42},"end":{"line":205,"column":43}},"loc":{"start":{"line":205,"column":50},"end":{"line":208,"column":5}}},"7":{"name":"getDashboardSummary","decl":{"start":{"line":216,"column":22},"end":{"line":216,"column":41}},"loc":{"start":{"line":216,"column":56},"end":{"line":267,"column":1}}},"8":{"name":"(anonymous_9)","decl":{"start":{"line":239,"column":38},"end":{"line":239,"column":43}},"loc":{"start":{"line":239,"column":50},"end":{"line":252,"column":5}}},"9":{"name":"(anonymous_10)","decl":{"start":{"line":259,"column":57},"end":{"line":259,"column":58}},"loc":{"start":{"line":259,"column":67},"end":{"line":259,"column":78}}}},"branchMap":{"0":{"loc":{"start":{"line":67,"column":8},"end":{"line":79,"column":9}},"type":"if","locations":[{"start":{"line":67,"column":8},"end":{"line":79,"column":9}},{"start":{},"end":{}}]},"1":{"loc":{"start":{"line":68,"column":30},"end":{"line":68,"column":64}},"type":"binary-expr","locations":[{"start":{"line":68,"column":30},"end":{"line":68,"column":59}},{"start":{"line":68,"column":63},"end":{"line":68,"column":64}}]},"2":{"loc":{"start":{"line":88,"column":8},"end":{"line":90,"column":9}},"type":"if","locations":[{"start":{"line":88,"column":8},"end":{"line":90,"column":9}},{"start":{},"end":{}}]},"3":{"loc":{"start":{"line":143,"column":23},"end":{"line":143,"column":54}},"type":"binary-expr","locations":[{"start":{"line":143,"column":23},"end":{"line":143,"column":49}},{"start":{"line":143,"column":53},"end":{"line":143,"column":54}}]},"4":{"loc":{"start":{"line":181,"column":25},"end":{"line":181,"column":43}},"type":"binary-expr","locations":[{"start":{"line":181,"column":25},"end":{"line":181,"column":38}},{"start":{"line":181,"column":42},"end":{"line":181,"column":43}}]},"5":{"loc":{"start":{"line":198,"column":19},"end":{"line":198,"column":41}},"type":"binary-expr","locations":[{"start":{"line":198,"column":19},"end":{"line":198,"column":36}},{"start":{"line":198,"column":40},"end":{"line":198,"column":41}}]},"6":{"loc":{"start":{"line":260,"column":25},"end":{"line":260,"column":59}},"type":"binary-expr","locations":[{"start":{"line":260,"column":25},"end":{"line":260,"column":51}},{"start":{"line":260,"column":55},"end":{"line":260,"column":59}}]}},"s":{"0":2,"1":2,"2":2,"3":2,"4":2,"5":0,"6":0,"7":0,"8":0,"9":0,"10":0,"11":0,"12":0,"13":0,"14":0,"15":0,"16":0,"17":0,"18":0,"19":0,"20":0,"21":0,"22":0,"23":0,"24":0,"25":0,"26":0,"27":0,"28":0,"29":0,"30":0,"31":0,"32":0,"33":0,"34":0,"35":0,"36":0,"37":0,"38":0,"39":0,"40":0,"41":0,"42":0,"43":0,"44":0,"45":0,"46":0,"47":0,"48":0,"49":0,"50":0,"51":0,"52":0,"53":0,"54":0,"55":0,"56":0,"57":0,"58":0,"59":0,"60":0,"61":0,"62":0,"63":0,"64":0,"65":0,"66":0,"67":0,"68":0,"69":0,"70":0,"71":0},"f":{"0":0,"1":0,"2":0,"3":0,"4":0,"5":0,"6":0,"7":0,"8":0,"9":0},"b":{"0":[0,0],"1":[0,0],"2":[0,0],"3":[0,0],"4":[0,0],"5":[0,0],"6":[0,0]}}
,"D:\\spendwise\\apps\\api\\src\\services\\auth.service.ts": {"path":"D:\\spendwise\\apps\\api\\src\\services\\auth.service.ts","statementMap":{"0":{"start":{"line":25,"column":0},"end":{"line":25,"column":7}},"1":{"start":{"line":68,"column":0},"end":{"line":68,"column":7}},"2":{"start":{"line":99,"column":0},"end":{"line":99,"column":7}},"3":{"start":{"line":125,"column":0},"end":{"line":125,"column":7}},"4":{"start":{"line":162,"column":0},"end":{"line":162,"column":7}},"5":{"start":{"line":190,"column":0},"end":{"line":190,"column":7}},"6":{"start":{"line":203,"column":0},"end":{"line":203,"column":7}},"7":{"start":{"line":224,"column":0},"end":{"line":224,"column":7}},"8":{"start":{"line":250,"column":0},"end":{"line":250,"column":7}},"9":{"start":{"line":267,"column":0},"end":{"line":267,"column":7}},"10":{"start":{"line":14,"column":0},"end":{"line":14,"column":39}},"11":{"start":{"line":15,"column":0},"end":{"line":15,"column":61}},"12":{"start":{"line":16,"column":0},"end":{"line":16,"column":40}},"13":{"start":{"line":18,"column":0},"end":{"line":18,"column":45}},"14":{"start":{"line":19,"column":0},"end":{"line":19,"column":27}},"15":{"start":{"line":27,"column":25},"end":{"line":29,"column":6}},"16":{"start":{"line":31,"column":4},"end":{"line":34,"column":5}},"17":{"start":{"line":33,"column":8},"end":{"line":33,"column":null}},"18":{"start":{"line":38,"column":25},"end":{"line":38,"column":58}},"19":{"start":{"line":41,"column":17},"end":{"line":56,"column":6}},"20":{"start":{"line":60,"column":18},"end":{"line":60,"column":67}},"21":{"start":{"line":62,"column":4},"end":{"line":62,"column":null}},"22":{"start":{"line":70,"column":17},"end":{"line":72,"column":6}},"23":{"start":{"line":76,"column":4},"end":{"line":78,"column":5}},"24":{"start":{"line":77,"column":8},"end":{"line":77,"column":null}},"25":{"start":{"line":81,"column":28},"end":{"line":81,"column":83}},"26":{"start":{"line":83,"column":4},"end":{"line":85,"column":5}},"27":{"start":{"line":84,"column":8},"end":{"line":84,"column":53}},"28":{"start":{"line":88,"column":18},"end":{"line":88,"column":67}},"29":{"start":{"line":91,"column":56},"end":{"line":91,"column":60}},"30":{"start":{"line":93,"column":4},"end":{"line":93,"column":null}},"31":{"start":{"line":100,"column":17},"end":{"line":114,"column":6}},"32":{"start":{"line":116,"column":4},"end":{"line":118,"column":5}},"33":{"start":{"line":117,"column":8},"end":{"line":117,"column":null}},"34":{"start":{"line":120,"column":4},"end":{"line":120,"column":null}},"35":{"start":{"line":130,"column":4},"end":{"line":139,"column":5}},"36":{"start":{"line":131,"column":25},"end":{"line":133,"column":10}},"37":{"start":{"line":136,"column":8},"end":{"line":138,"column":9}},"38":{"start":{"line":137,"column":12},"end":{"line":137,"column":null}},"39":{"start":{"line":142,"column":24},"end":{"line":156,"column":6}},"40":{"start":{"line":158,"column":4},"end":{"line":158,"column":null}},"41":{"start":{"line":167,"column":17},"end":{"line":167,"column":72}},"42":{"start":{"line":169,"column":4},"end":{"line":171,"column":5}},"43":{"start":{"line":170,"column":8},"end":{"line":170,"column":null}},"44":{"start":{"line":174,"column":20},"end":{"line":174,"column":77}},"45":{"start":{"line":175,"column":4},"end":{"line":177,"column":5}},"46":{"start":{"line":176,"column":8},"end":{"line":176,"column":null}},"47":{"start":{"line":180,"column":20},"end":{"line":180,"column":51}},"48":{
[...]
":{"line":57,"column":23},"end":{"line":57,"column":32}},"23":{"start":{"line":60,"column":8},"end":{"line":60,"column":null}},"24":{"start":{"line":61,"column":8},"end":{"line":61,"column":null}},"25":{"start":{"line":62,"column":8},"end":{"line":62,"column":null}},"26":{"start":{"line":63,"column":8},"end":{"line":67,"column":null}},"27":{"start":{"line":69,"column":25},"end":{"line":69,"column":122}},"28":{"start":{"line":70,"column":23},"end":{"line":70,"column":118}},"29":{"start":{"line":72,"column":8},"end":{"line":73,"column":null}},"30":{"start":{"line":75,"column":27},"end":{"line":75,"column":81}},"31":{"start":{"line":75,"column":55},"end":{"line":75,"column":77}},"32":{"start":{"line":76,"column":26},"end":{"line":76,"column":80}},"33":{"start":{"line":79,"column":8},"end":{"line":79,"column":null}},"34":{"start":{"line":80,"column":8},"end":{"line":80,"column":null}},"35":{"start":{"line":82,"column":22},"end":{"line":86,"column":null}},"36":{"start":{"line":88,"column":8},"end":{"line":92,"column":null}},"37":{"start":{"line":89,"column":22},"end":{"line":89,"column":34}},"38":{"start":{"line":90,"column":12},"end":{"line":90,"column":null}},"39":{"start":{"line":91,"column":12},"end":{"line":91,"column":null}},"40":{"start":{"line":95,"column":52},"end":{"line":95,"column":54}},"41":{"start":{"line":96,"column":8},"end":{"line":99,"column":9}},"42":{"start":{"line":97,"column":25},"end":{"line":97,"column":42}},"43":{"start":{"line":98,"column":12},"end":{"line":98,"column":null}},"44":{"start":{"line":100,"column":27},"end":{"line":100,"column":84}},"45":{"start":{"line":100,"column":78},"end":{"line":100,"column":83}},"46":{"start":{"line":102,"column":8},"end":{"line":118,"column":9}},"47":{"start":{"line":103,"column":12},"end":{"line":103,"column":null}},"48":{"start":{"line":105,"column":23},"end":{"line":105,"column":26}},"49":{"start":{"line":106,"column":12},"end":{"line":117,"column":null}},"50":{"start":{"line":107,"column":28},"end":{"line":107,"column":90}},"51":{"start":{"line":108,"column":29},"end":{"line":108,"column":78}},"52":{"start":{"line":110,"column":16},"end":{"line":110,"column":null}},"53":{"start":{"line":111,"column":16},"end":{"line":111,"column":null}},"54":{"start":{"line":112,"column":16},"end":{"line":112,"column":null}},"55":{"start":{"line":113,"column":16},"end":{"line":114,"column":null}},"56":{"start":{"line":116,"column":16},"end":{"line":116,"column":null}},"57":{"start":{"line":121,"column":28},"end":{"line":121,"column":91}},"58":{"start":{"line":122,"column":8},"end":{"line":122,"column":null}},"59":{"start":{"line":124,"column":24},"end":{"line":124,"column":40}},"60":{"start":{"line":125,"column":8},"end":{"line":125,"column":null}},"61":{"start":{"line":127,"column":21},"end":{"line":132,"column":null}},"62":{"start":{"line":133,"column":8},"end":{"line":135,"column":null}},"63":{"start":{"line":134,"column":12},"end":{"line":134,"column":null}},"64":{"start":{"line":137,"column":19},"end":{"line":137,"column":31}},"65":{"start":{"line":138,"column":8},"end":{"line":160,"column":null}},"66":{"start":{"line":139,"column":12},"end":{"line":141,"column":13}},"67":{"start":{"line":140,"column":16},"end":{"line":140,"column":null}},"68":{"start":{"line":143,"column":28},"end":{"line":143,"column":131}},"69":{"start":{"line":144,"column":25},"end":{"line":144,"column":44}},"70":{"start":{"line":145,"column":30},"end":{"line":145,"column":81}},"71":{"start":{"line":146,"column":27},"end":{"line":146,"column":103}},"72":{"start":{"line":148,"column":12},"end":{"line":151,"column":null}},"73":{"start":{"line":153,"column":12},"end":{"line":153,"column":null}},"74":{"start":{"line":155,"column":12},"end":{"line":155,"column":null}},"75":{"start":{"line":156,"column":12},"end":{"line":159,"column":13}},"76":{"start":{"line":157,"column":16},"end":{"line":157,"column":null}},"77":{"start":{"line":158,"column":16},"end":{"line":158,"column":null}},"78":{"start":{"line":162,"column":8},"end":{"line":162,"column":null}},"79":{"start":{"line":163,"column":8},"end":{"line":165,"column":null}},"80":{"start":{"line":167,"column":8},"end":{"line":171,"column":null}},"81":{"start":{"line":173,"column":8},"end":{"line":173,"column":null}},"82":{"start":{"line":179,"column":21},"end":{"line":179,"column":58}},"83":{"start":{"line":181,"column":19},"end":{"line":181,"column":64}},"84":{"start":{"line":182,"column":17},"end":{"line":187,"column":17}},"85":{"start":{"line":183,"column":21},"end":{"line":183,"column":67}},"86":{"start":{"line":184,"column":21},"end":{"line":184,"column":57}},"87":{"start":{"line":185,"column":23},"end":{"line":185,"column":52}},"88":{"start":{"line":186,"column":8},"end":{"line":186,"column":null}},"89":{"start":{"line":189,"column":23},"end":{"line":189,"column":77}},"90":{"start":{"line":189,"column":51},"end":{"line":189,"column":73}},"91":{"start":{"line":190,"column":20},"end":{"line":190,"column":224}},"92":{"start":{"line":192,"column":4},"end":{"line":192,"column":null}},"93":{"start":{"line":197,"column":21},"end":{"line":197,"column":58}},"94":{"start":{"line":198,"column":18},"end":{"line":198,"column":72}},"95":{"start":{"line":198,"column":46},"end":{"line":198,"column":68}},"96":{"start":{"line":200,"column":4},"end":{"line":200,"column":null}}},"fnMap":{"0":{"name":"fetchExpensesForExport","decl":{"start":{"line":18,"column":15},"end":{"line":18,"column":37}},"loc":{"start":{"line":18,"column":60},"end":{"line":40,"column":1}}},"1":{"name":"generatePDF","decl":{"start":{"line":43,"column":22},"end":{"line":43,"column":33}},"loc":{"start":{"line":43,"column":56},"end":{"line":175,"column":1}}},"2":{"name":"(anonymous_3)","decl":{"start":{"line":46,"column":23},"end":{"line":46,"column":24}},"loc":{"start":{"line":46,"column":43},"end":{"line":174,"column":5}}},"3":{"name":"(anonymous_4)","decl":{"start":{"line":50,"column":23},"end":{"line":50,"column":28}},"loc":{"start":{"line":50,"column":32},"end":{"line":50,"column":50}}},"4":{"name":"(anonymous_5)","decl":{"start":{"line":51,"column":22},"end":{"line":51,"column":25}},"loc":{"start":{"line":51,"column":28},"end":{"line":51,"column":58}}},"5":{"name":"(anonymous_6)","decl":{"start":{"line":52,"column":24},"end":{"line":52,"column":27}},"loc":{"start":{"line":52,"column":31},"end":{"line":52,"column":42}}},"6":{"name":"(anonymous_7)","decl":{"start":{"line":75,"column":43},"end":{"line":75,"column":44}},"loc":{"start":{"line":75,"column":55},"end":{"line":75,"column":77}}},"7":{"name":"(anonymous_8)","decl":{"start":{"line":88,"column":22},"end":{"line":88,"column":23}},"loc":{"start":{"line":88,"column":34},"end":{"line":92,"column":9}}},"8":{"name":"(anonymous_9)","decl":{"start":{"line":100,"column":60},"end":{"line":100,"column":61}},"loc":{"start":{"line":100,"column":78},"end":{"line":100,"column":83}}},"9":{"name":"(anonymous_10)","decl":{"start":{"line":106,"column":31},"end":{"line":106,"column":32}},"loc":{"start":{"line":106,"column":49},"end":{"line":117,"column":13}}},"10":{"name":"(anonymous_11)","decl":{"start":{"line":133,"column":21},"end":{"line":133,"column":24}},"loc":{"start":{"line":133,"column":27},"end":{"line":135,"column":9}}},"11":{"name":"(anonymous_12)","decl":{"start":{"line":138,"column":25},"end":{"line":138,"column":26}},"loc":{"start":{"line":138,"column":42},"end":{"line":160,"column":9}}},"12":{"name":"generateCSV","decl":{"start":{"line":178,"column":22},"end":{"line":178,"column":33}},"loc":{"start":{"line":178,"column":56},"end":{"line":193,"column":1}}},"13":{"name":"(anonymous_14)","decl":{"start":{"line":182,"column":30},"end":{"line":182,"column":33}},"loc":{"start":{"line":182,"column":36},"end":{"line":187,"column":5}}},"14":{"name":"(anonymous_15)","decl":{"start":{"line":189,"column":39},"end":{"line":189,"column":40}},"loc":{"start":{"line":189,"column":51},"end":{"line":189,"column":73}}},"15":{"name":"getExportPreview","decl":{"start":{"line":196,"column":22},"end":{"line":196,"column":38}},"loc":{"start":{"line":196,"column":61},"end":{"line":201,"column":1}}},"16":{"name":"(anonymous_17)","decl":{"start":{"line":198,"column":34},"end":{"line":198,"column":35}},"loc":{"start":{"line":198,"column":46},"end":{"line":198,"column":68}}}},"branchMap":{"0":{"loc":{"start":{"line":27,"column":4},"end":{"line":29,"column":5}},"type":"if","locations":[{"start":{"line":27,"column":4},"end":{"line":29,"column":5}},{"start":{},"end":{}}]},"1":{"loc":{"start":{"line":76,"column":26},"end":{"line":76,"column":80}},"type":"cond-expr","locations":[{"start":{"line":76,"column":48},"end":{"line":76,"column":76}},{"start":{"line":76,"column":79},"end":{"line":76,"column":80}}]},"2":{"loc":{"start":{"line":98,"column":33},"end":{"line":98,"column":55}},"type":"binary-expr","locations":[{"start":{"line":98,"column":33},"end":{"line":98,"column":50}},{"start":{"line":98,"column":54},"end":{"line":98,"column":55}}]},"3":{"loc":{"start":{"line":102,"column":8},"end":{"line":118,"column":9}},"type":"if","locations":[{"start":{"line":102,"column":8},"end":{"line":118,"column":9}},{"start":{},"end":{}}]},"4":{"loc":{"start":{"line":107,"column":28},"end":{"line":107,"column":90}},"type":"cond-expr","locations":[{"start":{"line":107,"column":45},"end":{"line":107,"column":84}},{"start":{"line":107,"column":87},"end":{"line":107,"column":90}}]},"5":{"loc":{"start":{"line":108,"column":29},"end":{"line":108,"column":78}},"type":"cond-expr","locations":[{"start":{"line":108,"column":47},"end":{"line":108,"column":73}},{"start":{"line":108,"column":77},"end":{"line":108,"column":78}}]},"6":{"loc":{"start":{"line":121,"column":28},"end":{"line":121,"column":91}},"type":"cond-expr","locations":[{"start":{"line":121,"column":52},"end":{"line":121,"column":85}},{"start":{"line":121,"column":88},"end":{"line":121,"column":91}}]},"7":{"loc":{"start":{"line":139,"column":12},"end":{"line":141,"column":13}},"type":"if","locations":[{"start":{"line":139,"column":12},"end":{"line":141,"column":13}},{"start":{},"end":{}}]},"8":{"loc":{"start":{"line":144,"column":25},"end":{"line":144,"column":44}},"type":"binary-expr","locations":[{"start":{"line":144,"column":25},"end":{"line":144,"column":37}},{"start":{"line":144,"column":41},"end":{"line":144,"column":44}}]},"9":{"loc":{"start":{"line":145,"column":30},"end":{"line":145,"column":81}},"type":"cond-expr","locations":[{"start":{"line":145,"column":49},"end":{"line":145,"column":74}},{"start":{"line":145,"column":77},"end":{"line":145,"column":81}}]},"10":{"loc":{"start":{"line":156,"column":12},"end":{"line":159,"column":13}},"type":"if","locations":[{"start":{"line":156,"column":12},"end":{"line":159,"column":13}},{"start":{},"end":{}}]},"11":{"loc":{"start":{"line":184,"column":22},"end":{"line":184,"column":37}},"type":"binary-expr","locations":[{"start":{"line":184,"column":22},"end":{"line":184,"column":30}},{"start":{"line":184,"column":34},"end":{"line":184,"column":37}}]}},"s":{"0":2,"1":2,"2":2,"3":2,"4":2,"5":0,"6":0,"7":0,"8":0,"9":0,"10":0,"11":0,"12":0,"13":0,"14":0,"15":0,"16":0,"17":0,"18":0,"19":0,"20":0,"21":0,"22":0,"23":0,"24":0,"25":0,"26":0,"27":0,"28":0,"29":0,"30":0,"31":0,"32":0,"33":0,"34":0,"35":0,"36":0,"37":0,"38":0,"39":0,"40":0,"41":0,"42":0,"43":0,"44":0,"45":0,"46":0,"47":0,"48":0,"49":0,"50":0,"51":0,"52":0,"53":0,"54":0,"55":0,"56":0,"57":0,"58":0,"59":0,"60":0,"61":0,"62":0,"63":0,"64":0,"65":0,"66":0,"67":0,"68":0,"69":0,"70":0,"71":0,"72":0,"73":0,"74":0,"75":0,"76":0,"77":0,"78":0,"79":0,"80":0,"81":0,"82":0,"83":0,"84":0,"85":0,"86":0,"87":0,"88":0,"89":0,"90":0,"91":0,"92":0,"93":0,"94":0,"95":0,"96":0},"f":{"0":0,"1":0,"2":0,"3":0,"4":0,"5":0,"6":0,"7":0,"8":0,"9":0,"10":0,"11":0,"12":0,"13":0,"14":0,"15":0,"16":0},"b":{"0":[0,0],"1":[0,0],"2":[0,0],"3":[0,0],"4":[0,0],"5":[0,0],"6":[0,0],"7":[0,0],"8":[0,0],"9":[0,0],"10":[0,0],"11":[0,0]}}
,"D:\\spendwise\\apps\\api\\src\\utils\\hash.ts": {"path":"D:\\spendwise\\apps\\api\\src\\utils\\hash.ts","statementMap":{"0":{"start":{"line":25,"column":0},"end":{"line":25,"column":7}},"1":{"start":{"line":33,"column":0},"end":{"line":33,"column":7}},"2":{"start":{"line":15,"column":0},"end":{"line":15,"column":29}},"3":{"start":{"line":20,"column":20},"end":{"line":20,"column":22}},"4":{"start":{"line":26,"column":4},"end":{"line":26,"column":null}},"5":{"start":{"line":37,"column":4},"end":{"line":37,"column":null}}},"fnMap":{"0":{"name":"hashPassword","decl":{"start":{"line":25,"column":22},"end":{"line":25,"column":34}},"loc":{"start":{"line":25,"column":56},"end":{"line":27,"column":1}}},"1":{"name":"comparePassword","decl":{"start":{"line":33,"column":22},"end":{"line":33,"column":37}},"loc":{"start":{"line":35,"column":26},"end":{"line":38,"column":1}}}},"branchMap":{},"s":{"0":3,"1":3,"2":3,"3":3,"4":8,"5":5},"f":{"0":8,"1":5},"b":{}}
,"D:\\spendwise\\apps\\api\\src\\utils\\jwt.ts": {"path":"D:\\spendwise\\apps\\api\\src\\utils\\jwt.ts","statementMap":{"0":{"start":{"line":31,"column":0},"end":{"line":31,"column":16}},"1":{"start":{"line":44,"column":0},"end":{"line":44,"column":16}},"2":{"start":{"line":18,"column":0},"end":{"line":18,"column":30}},"3":{"start":{"line":19,"column":0},"end":{"line":19,"column":35}},"4":{"start":{"line":32,"column":4},"end":{"line":36,"column":null}},"5":{"start":{"line":45,"column":4},"end":{"line":45,"column":null}}},"fnMap":{"0":{"name":"signToken","decl":{"start":{"line":31,"column":16},"end":{"line":31,"column":25}},"loc":{"start":{"line":31,"column":47},"end":{"line":37,"column":1}}},"1":{"name":"verifyToken","decl":{"start":{"line":44,"column":16},"end":{"line":44,"column":27}},"loc":{"start":{"line":44,"column":41},"end":{"line":46,"column":1}}}},"branchMap":{},"s":{"0":3,"1":3,"2":3,"3":3,"4":8,"5":14},"f":{"0":8,"1":14},"b":{}}
,"D:\\spendwise\\apps\\api\\src\\utils\\response.ts": {"path":"D:\\spendwise\\apps\\api\\src\\utils\\response.ts","statementMap":{"0":{"start":{"line":21,"column":0},"end":{"line":21,"column":16}},"1":{"start":{"line":32,"column":0},"end":{"line":32,"column":16}},"2":{"start":{"line":44,"column":0},"end":{"line":44,"column":16}},"3":{"start":{"line":56,"column":0},"end":{"line":56,"column":16}},"4":{"start":{"line":22,"column":4},"end":{"line":26,"column":null}},"5":{"start":{"line":33,"column":4},"end":{"line":38,"column":null}},"6":{"start":{"line":50,"column":4},"end":{"line":50,"column":null}},"7":{"start":{"line":62,"column":4},"end":{"line":62,"column":null}}},"fnMap":{"0":{"name":"successResponse","decl":{"start":{"line":21,"column":16},"end":{"line":21,"column":31}},"loc":{"start":{"line":21,"column":66},"end":{"line":27,"column":1}}},"1":{"name":"errorResponse","decl":{"start":{"line":32,"column":16},"end":{"line":32,"column":29}},"loc":{"start":{"line":32,"column":63},"end":{"line":39,"column":1}}},"2":{"name":"sendSuccess","decl":{"start":{"line":44,"column":16},"end":{"line":44,"column":27}},"loc":{"start":{"line":48,"column":20},"end":{"line":51,"column":1}}},"3":{"name":"sendError","decl":{"start":{"line":56,"column":16},"end":{"line":56,"column":25}},"loc":{"start":{"line":60,"column":20},"end":{"line":63,"column":1}}}},"branchMap":{"0":{"loc":{"start":{"line":21,"column":47},"end":{"line":21,"column":66}},"type":"default-arg","locations":[{"start":{"line":21,"column":57},"end":{"line":21,"column":66}}]},"1":{"loc":{"start":{"line":37,"column":12},"end":{"line":37,"column":36}},"type":"cond-expr","locations":[{"start":{"line":37,"column":21},"end":{"line":37,"column":31}},{"start":{"line":37,"column":34},"end":{"line":37,"column":36}}]},"2":{"loc":{"start":{"line":47,"column":4},"end":{"line":47,"column":23}},"type":"default-arg","locations":[{"start":{"line":47,"column":14},"end":{"line":47,"column":23}}]},"3":{"loc":{"start":{"line":48,"column":4},"end":{"line":48,"column":20}},"type":"default-arg","locations":[{"start":{"line":48,"column":17},"end":{"line":48,"column":20}}]},"4":{"loc":{"start":{"line":59,"column":4},"end":{"line":59,"column":20}},"type":"default-arg","locations":[{"start":{"line":59,"column":17},"end":{"line":59,"column":20}}]}},"s":{"0":2,"1":2,"2":2,"3":2,"4":10,"5":13,"6":10,"7":13},"f":{"0":10,"1":13,"2":10,"3":13},"b":{"0":[0],"1":[3,10],"2":[0],"3":[6],"4":[0]}}
,"D:\\spendwise\\apps\\api\\src\\validators\\auth.validator.ts": {"path":"D:\\spendwise\\apps\\api\\src\\validators\\auth.validator.ts","statementMap":{"0":{"start":{"line":12,"column":0},"end":{"line":12,"column":23}},"1":{"start":{"line":16,"column":13},"end":{"line":33,"column":null}},"2":{"start":{"line":37,"column":13},"end":{"line":47,"column":null}},"3":{"start":{"line":51,"column":13},"end":{"line":65,"column":null}},"4":{"start":{"line":68,"column":13},"end":{"line":77,"column":null}},"5":{"start":{"line":80,"column":13},"end":{"line":84,"column":null}},"6":{"start":{"line":96,"column":13},"end":{"line":98,"column":null}},"7":{"start":{"line":101,"column":13},"end":{"line":105,"column":null}}},"fnMap":{},"branchMap":{},"s":{"0":2,"1":2,"2":2,"3":2,"4":2,"5":2,"6":2,"7":2},"f":{},"b":{}}
,"D:\\spendwise\\apps\\api\\src\\validators\\budget.validator.ts": {"path":"D:\\spendwise\\apps\\api\\src\\validators\\budget.validator.ts","statementMap":{"0":{"start":{"line":13,"column":0},"end":{"line":13,"column":23}},"1":{"start":{"line":17,"column":13},"end":{"line":40,"column":null}},"2":{"start":{"line":45,"column":13},"end":{"line":50,"column":null}}},"fnMap":{},"branchMap":{},"s":{"0":2,"1":2,"2":2},"f":{},"b":{}}
,"D:\\spendwise\\apps\\api\\src\\validators\\expense.validator.ts": {"path":"D:\\spendwise\\apps\\api\\src\\validators\\expense.validator.ts","statementMap":{"0":{"start":{"line":14,"column":0},"end":{"line":14,"column":23}},"1":{"start":{"line":18,"column":13},"end":{"line":43,"column":null}},"2":{"start":{"line":32,"column":25},"end":{"line":32,"column":48}},"3":{"start":{"line":48,"column":13},"end":{"line":73,"column":null}},"4":{"start":{"line":63,"column":25},"end":{"line":63,"column":48}},"5":{"start":{"line":78,"column":13},"end":{"line":97,"column":null}},"6":{"start":{"line":82,"column":29},"end":{"line":82,"column":60}},"7":{"start":{"line":88,"column":29},"end":{"line":88,"column":60}},"8":{"start":{"line":93,"column":29},"end":{"line":93,"column":60}}},"fnMap":{"0":{"name":"(anonymous_0)","decl":{"start":{"line":32,"column":16},"end":{"line":32,"column":17}},"loc":{"start":{"line":32,"column":25},"end":{"line":32,"column":48}}},"1":{"name":"(anonymous_1)","decl":{"start":{"line":63,"column":16},"end":{"line":63,"column":17}},"loc":{"start":{"line":63,"column":25},"end":{"line":63,"column":48}}},"2":{"name":"(anonymous_2)","decl":{"start":{"line":82,"column":19},"end":{"line":82,"column":20}},"loc":{"start":{"line":82,"column":29},"end":{"line":82,"column":60}}},"3":{"name":"(anonymous_3)","decl":{"start":{"line":88,"column":19},"end":{"line":88,"column":20}},"loc":{"start":{"line":88,"column":29},"end":{"line":88,"column":60}}},"4":{"name":"(anonymous_4)","decl":{"start":{"line":93,"column":19},"end":{"line":93,"column":20}},"loc":{"start":{"line":93,"column":29},"end":{"line":93,"column":60}}}},"branchMap":{"0":{"loc":{"start":{"line":82,"column":29},"end":{"line":82,"column":60}},"type":"cond-expr","locations":[{"start":{"line":82,"column":35},"end":{"line":82,"column":48}},{"start":{"line":82,"column":51},"end":{"line":82,"column":60}}]},"1":{"loc":{"start":{"line":88,"column":29},"end":{"line":88,"column":60}},"type":"cond-expr","locations":[{"start":{"line":88,"column":35},"end":{"line":88,"column":48}},{"start":{"line":88,"column":51},"end":{"line":88,"column":60}}]},"2":{"loc":{"start":{"line":93,"column":29},"end":{"line":93,"column":60}},"type":"cond-expr","locations":[{"start":{"line":93,"column":35},"end":{"line":93,"column":48}},{"start":{"line":93,"column":51},"end":{"line":93,"column":60}}]}},"s":{"0":2,"1":2,"2":3,"3":2,"4":0,"5":2,"6":1,"7":1,"8":1},"f":{"0":3,"1":0,"2":1,"3":1,"4":1},"b":{"0":[0,1],"1":[0,1],"2":[0,1]}}
}
