TN:
SF:src\index.ts
FN:54,startServer
FN:60,(anonymous_2)
FNF:2
FNH:0
FNDA:0,startServer
FNDA:0,(anonymous_2)
DA:12,2
DA:13,2
DA:14,2
DA:15,2
DA:16,2
DA:17,2
DA:18,2
DA:19,2
DA:21,2
DA:24,2
DA:25,2
DA:32,2
DA:35,2
DA:36,2
DA:41,2
DA:46,2
DA:51,2
DA:55,0
DA:57,0
DA:58,0
DA:60,0
DA:61,0
DA:62,0
DA:63,0
DA:67,0
DA:68,0
DA:71,2
DA:72,0
DA:77,2
LF:29
LH:19
BRDA:32,0,0,0
BRDA:32,0,1,2
BRDA:71,1,0,0
BRDA:71,1,1,2
BRF:4
BRH:2
end_of_record
TN:
SF:src\__tests__\setup.ts
FN:13,cleanDatabase
FN:21,closeDatabase
FNF:2
FNH:2
FNDA:4,cleanDatabase
FNDA:2,closeDatabase
DA:9,2
DA:13,2
DA:14,4
DA:15,4
DA:16,4
DA:21,2
DA:22,2
LF:7
LH:7
BRF:0
BRH:0
end_of_record
TN:
SF:src\config\cloudinary.ts
FNF:0
FNH:0
DA:9,2
DA:11,2
DA:17,2
LF:3
LH:3
BRF:0
BRH:0
end_of_record
TN:
SF:src\config\database.ts
FNF:0
FNH:0
DA:9,2
DA:11,2
DA:17,2
LF:3
LH:3
BRDA:12,0,0,0
BRDA:12,0,1,2
BRF:2
BRH:1
end_of_record
TN:
SF:src\config\env.ts
FN:17,requireEnv
FNF:1
FNH:1
FNDA:9,requireEnv
DA:12,3
DA:13,3
DA:18,9
DA:20,9
DA:22,0
DA:25,9
DA:30,3
LF:7
LH:6
BRDA:20,0,0,0
BRDA:20,0,1,9
BRDA:32,1,0,3
BRDA:32,1,1,0
BRDA:33,2,0,3
BRDA:33,2,1,0
BRDA:34,3,0,3
BRDA:34,3,1,0
BRDA:41,4,0,3
BRDA:41,4,1,0
BRDA:44,5,0,3
BRDA:44,5,1,3
BRDA:53,6,0,3
BRDA:53,6,1,0
BRDA:54,7,0,3
BRDA:54,7,1,0
BRDA:55,8,0,3
BRDA:55,8,1,0
BRF:18
BRH:10
end_of_record
TN:
SF:src\controllers\analytics.controller.ts
FN:14,getDashboard
FN:30,getCategorySummary
FN:53,getMonthlyTrend
FN:67,getDailySpending
FNF:4
FNH:0
FNDA:0,getDashboard
FNDA:0,getCategorySummary
FNDA:0,getMonthlyTrend
FNDA:0,getDailySpending
DA:8,2
DA:9,2
DA:14,2
DA:15,0
DA:16,0
DA:19,0
DA:22,0
DA:23,0
DA:30,2
DA:31,0
DA:32,0
DA:33,0
DA:34,0
DA:36,0
DA:42,0
DA:45,0
DA:46,0
DA:53,2
DA:54,0
DA:55,0
DA:56,0
DA:59,0
DA:60,0
DA:67,2
DA:68,0
DA:69,0
DA:70,0
DA:71,0
DA:73,0
DA:79,0
DA:82,0
DA:83,0
LF:32
LH:6
BRDA:22,0,0,0
BRDA:22,0,1,0
BRDA:33,1,0,0
BRDA:33,1,1,0
BRDA:34,2,0,0
BRDA:34,2,1,0
BRDA:45,3,0,0
BRDA:45,3,1,0
BRDA:59,4,0,0
BRDA:59,4,1,0
BRDA:70,5,0,0
BRDA:70,5,1,0
BRDA:71,6,0,0
BRDA:71,6,1,0
BRDA:82,7,0,0
BRDA:82,7,1,0
BRF:16
BRH:0
end_of_record
TN:
SF:src\controllers\auth.controller.ts
FN:27,register
FN:48,login
FN:67,logout
FN:77,getMe
FN:95,updateMe
FN:110,changePassword
FN:126,updateCurrency
FN:139,deleteAccount
FN:152,updateAvatar
FN:164,updateNotifications
FN:175,getAccountStats
FNF:11
FNH:3
FNDA:4,register
FNDA:4,login
FNDA:0,logout
FNDA:1,getMe
FNDA:0,updateMe
FNDA:0,changePassword
FNDA:0,updateCurrency
FNDA:0,deleteAccount
FNDA:0,updateAvatar
FNDA:0,updateNotifications
FNDA:0,getAccountStats
DA:21,2
DA:22,2
DA:27,2
DA:28,4
DA:30,4
DA:33,3
DA:36,1
DA:40,1
DA:41,1
DA:48,2
DA:49,4
DA:50,4
DA:52,2
DA:55,2
DA:58,2
DA:67,2
DA:70,0
DA:77,2
DA:78,1
DA:81,1
DA:83,1
DA:86,0
DA:87,0
DA:95,2
DA:96,0
DA:97,0
DA:99,0
DA:102,0
DA:103,0
DA:104,0
DA:110,2
DA:111,0
DA:112,0
DA:113,0
DA:116,0
DA:118,0
DA:119,0
DA:120,0
DA:126,2
DA:127,0
DA:128,0
DA:129,0
DA:130,0
DA:132,0
DA:133,0
DA:139,2
DA:140,0
DA:141,0
DA:142,0
DA:143,0
DA:145,0
DA:146,0
DA:147,0
DA:152,2
DA:153,0
DA:154,0
DA:155,0
DA:156,0
DA:158,0
DA:159,0
DA:164,2
DA:165,0
DA:166,0
DA:167,0
DA:169,0
DA:170,0
DA:175,2
DA:176,0
DA:177,0
DA:178,0
DA:180,0
DA:181,0
LF:72
LH:27
BRDA:36,0,0,1
BRDA:36,0,1,0
BRDA:40,1,0,1
BRDA:40,1,1,0
BRDA:55,2,0,2
BRDA:55,2,1,0
BRDA:86,3,0,0
BRDA:86,3,1,0
BRDA:102,4,0,0
BRDA:102,4,1,0
BRDA:103,5,0,0
BRDA:103,5,1,0
BRDA:118,6,0,0
BRDA:118,6,1,0
BRDA:119,7,0,0
BRDA:119,7,1,0
BRDA:132,8,0,0
BRDA:132,8,1,0
BRDA:145,9,0,0
BRDA:145,9,1,0
BRDA:146,10,0,0
BRDA:146,10,1,0
BRDA:158,11,0,0
BRDA:158,11,1,0
BRDA:169,12,0,0
BRDA:169,12,1,0
BRDA:180,13,0,0
BRDA:180,13,1,0
BRF:28
BRH:3
end_of_record
TN:
SF:src\controllers\budget.controller.ts
FN:14,createBudget
FN:31,getBudgets
FN:54,updateBudget
FN:81,deleteBudget
FNF:4
FNH:0
FNDA:0,createBudget
FNDA:0,getBudgets
FNDA:0,updateBudget
FNDA:0,deleteBudget
DA:9,2
DA:10,2
DA:14,2
DA:15,0
DA:16,0
DA:20,0
DA:23,0
DA:24,0
DA:25,0
DA:31,2
DA:32,0
DA:34,0
DA:35,0
DA:36,0
DA:38,0
DA:44,0
DA:47,0
DA:48,0
DA:54,2
DA:55,0
DA:56,0
DA:57,0
DA:59,0
DA:60,0
DA:61,0
DA:64,0
DA:70,0
DA:73,0
DA:74,0
DA:75,0
DA:81,2
DA:82,0
DA:83,0
DA:84,0
DA:86,0
DA:87,0
DA:88,0
DA:91,0
DA:96,0
DA:99,0
DA:100,0
DA:101,0
LF:42
LH:6
BRDA:23,0,0,0
BRDA:23,0,1,0
BRDA:24,1,0,0
BRDA:24,1,1,0
BRDA:35,2,0,0
BRDA:35,2,1,0
BRDA:36,3,0,0
BRDA:36,3,1,0
BRDA:47,4,0,0
BRDA:47,4,1,0
BRDA:56,5,0,0
BRDA:56,5,1,0
BRDA:59,6,0,0
BRDA:59,6,1,0
BRDA:73,7,0,0
BRDA:73,7,1,0
BRDA:74,8,0,0
BRDA:74,8,1,0
BRDA:83,9,0,0
BRDA:83,9,1,0
BRDA:86,10,0,0
BRDA:86,10,1,0
BRDA:99,11,0,0
BRDA:99,11,1,0
BRDA:100,12,0,0
BRDA:100,12,1,0
BRF:26
BRH:0
end_of_record
TN:
SF:src\controllers\expense.controller.ts
FN:20,createExpense
FN:37,getExpenses
FN:58,getExpense
FN:84,updateExpense
FN:111,deleteExpense
FN:137,getExpenseSummary
FNF:6
FNH:5
FNDA:2,createExpense
FNDA:1,getExpenses
FNDA:2,getExpense
FNDA:2,updateExpense
FNDA:1,deleteExpense
FNDA:0,getExpenseSummary
DA:14,2
DA:15,2
DA:16,2
DA:20,2
DA:21,2
DA:22,2
DA:27,1
DA:30,1
DA:31,1
DA:37,2
DA:38,1
DA:41,1
DA:43,1
DA:48,1
DA:51,0
DA:52,0
DA:58,2
DA:59,2
DA:61,2
DA:62,2
DA:64,2
DA:65,0
DA:66,0
DA:69,2
DA:74,0
DA:77,2
DA:78,2
DA:84,2
DA:85,2
DA:86,2
DA:87,2
DA:89,2
DA:90,0
DA:91,0
DA:94,2
DA:100,1
DA:103,1
DA:104,1
DA:105,1
DA:111,2
DA:112,1
DA:113,1
DA:114,1
DA:116,1
DA:117,0
DA:118,0
DA:121,1
DA:126,1
DA:129,0
DA:130,0
DA:131,0
DA:137,2
DA:138,0
DA:140,0
DA:141,0
DA:142,0
DA:144,0
DA:150,0
DA:153,0
DA:154,0
LF:60
LH:40
BRDA:30,0,0,1
BRDA:30,0,1,0
BRDA:51,1,0,0
BRDA:51,1,1,0
BRDA:61,2,0,0
BRDA:61,2,1,2
BRDA:64,3,0,0
BRDA:64,3,1,2
BRDA:77,4,0,2
BRDA:77,4,1,0
BRDA:86,5,0,0
BRDA:86,5,1,2
BRDA:89,6,0,0
BRDA:89,6,1,2
BRDA:103,7,0,1
BRDA:103,7,1,0
BRDA:104,8,0,1
BRDA:104,8,1,0
BRDA:113,9,0,0
BRDA:113,9,1,1
BRDA:116,10,0,0
BRDA:116,10,1,1
BRDA:129,11,0,0
BRDA:129,11,1,0
BRDA:130,12,0,0
BRDA:130,12,1,0
BRDA:141,13,0,0
BRDA:141,13,1,0
BRDA:142,14,0,0
BRDA:142,14,1,0
BRDA:153,15,0,0
BRDA:153,15,1,0
BRF:32
BRH:10
end_of_record
TN:
SF:src\controllers\export.controller.ts
FN:9,parseDate
FN:14,exportPDF
FN:35,exportCSV
FN:55,exportPreview
FNF:4
FNH:0
FNDA:0,parseDate
FNDA:0,exportPDF
FNDA:0,exportCSV
FNDA:0,exportPreview
DA:6,2
DA:7,2
DA:10,0
DA:11,0
DA:14,2
DA:15,0
DA:16,0
DA:17,0
DA:18,0
DA:19,0
DA:21,0
DA:23,0
DA:24,0
DA:25,0
DA:26,0
DA:27,0
DA:30,0
DA:31,0
DA:35,2
DA:36,0
DA:37,0
DA:38,0
DA:39,0
DA:40,0
DA:42,0
DA:44,0
DA:45,0
DA:46,0
DA:47,0
DA:50,0
DA:51,0
DA:55,2
DA:56,0
DA:57,0
DA:58,0
DA:59,0
DA:60,0
DA:62,0
DA:63,0
DA:66,0
DA:67,0
LF:41
LH:5
BRDA:11,0,0,0
BRDA:11,0,1,0
BRDA:19,1,0,0
BRDA:19,1,1,0
BRDA:30,2,0,0
BRDA:30,2,1,0
BRDA:40,3,0,0
BRDA:40,3,1,0
BRDA:50,4,0,0
BRDA:50,4,1,0
BRDA:60,5,0,0
BRDA:60,5,1,0
BRDA:66,6,0,0
BRDA:66,6,1,0
BRF:14
BRH:0
end_of_record
TN:
SF:src\controllers\insights.controller.ts
FN:12,getInsights
FNF:1
FNH:0
FNDA:0,getInsights
DA:9,2
DA:10,2
DA:12,2
DA:13,0
DA:14,0
DA:15,0
DA:17,0
DA:20,0
LF:8
LH:3
BRDA:17,0,0,0
BRDA:17,0,1,0
BRF:2
BRH:0
end_of_record
TN:
SF:src\middleware\auth.middleware.ts
FN:39,protect
FNF:1
FNH:1
FNDA:13,protect
DA:21,2
DA:22,2
DA:39,2
DA:40,13
DA:43,13
DA:45,13
DA:47,2
DA:48,2
DA:52,11
DA:55,11
DA:59,10
DA:65,10
DA:69,1
LF:13
LH:13
BRDA:45,0,0,2
BRDA:45,0,1,11
BRDA:45,1,0,13
BRDA:45,1,1,11
BRF:4
BRH:4
end_of_record
TN:
SF:src\middleware\error.middleware.ts
FN:21,errorHandler
FN:46,notFoundHandler
FNF:2
FNH:0
FNDA:0,errorHandler
FNDA:0,notFoundHandler
DA:17,2
DA:21,2
DA:28,0
DA:32,0
DA:40,0
DA:46,2
DA:47,0
LF:7
LH:3
BRDA:34,0,0,0
BRDA:34,0,1,0
BRDA:36,1,0,0
BRDA:36,1,1,0
BRF:4
BRH:0
end_of_record
TN:
SF:src\middleware\validate.middleware.ts
FN:23,validate
FN:24,(anonymous_1)
FN:32,(anonymous_2)
FNF:3
FNH:3
FNDA:22,validate
FNDA:15,(anonymous_1)
FNDA:3,(anonymous_2)
DA:19,2
DA:23,2
DA:24,22
DA:25,15
DA:28,15
DA:30,15
DA:32,3
DA:37,3
DA:38,3
DA:43,12
DA:46,12
DA:49,0
LF:12
LH:11
BRDA:30,0,0,3
BRDA:30,0,1,12
BRF:2
BRH:2
end_of_record
TN:
SF:src\routes\analytics.routes.ts
FNF:0
FNH:0
DA:8,2
DA:9,2
DA:10,2
DA:12,2
DA:15,2
DA:18,2
DA:21,2
DA:24,2
DA:27,2
DA:29,2
LF:10
LH:10
BRF:0
BRH:0
end_of_record
TN:
SF:src\routes\auth.routes.ts
FNF:0
FNH:0
DA:13,2
DA:14,2
DA:15,2
DA:16,2
DA:17,2
DA:19,2
DA:27,2
DA:34,2
DA:42,2
DA:48,2
DA:55,2
DA:63,2
DA:71,2
DA:78,2
DA:85,2
DA:86,2
DA:87,2
DA:89,2
LF:18
LH:18
BRF:0
BRH:0
end_of_record
TN:
SF:src\routes\budget.routes.ts
FNF:0
FNH:0
DA:7,2
DA:8,2
DA:9,2
DA:10,2
DA:11,2
DA:13,2
DA:16,2
DA:19,2
DA:22,2
DA:29,2
DA:36,2
DA:38,2
LF:12
LH:12
BRF:0
BRH:0
end_of_record
TN:
SF:src\routes\category.routes.ts
FN:24,(anonymous_1)
FNF:1
FNH:0
FNDA:0,(anonymous_1)
DA:12,2
DA:13,2
DA:14,2
DA:15,2
DA:17,2
DA:20,2
DA:24,2
DA:25,0
DA:26,0
DA:30,0
DA:33,0
DA:37,2
LF:12
LH:8
BRF:0
BRH:0
end_of_record
TN:
SF:src\routes\expense.routes.ts
FNF:0
FNH:0
DA:12,2
DA:13,2
DA:14,2
DA:15,2
DA:16,2
DA:18,2
DA:22,2
DA:27,2
DA:32,2
DA:36,2
DA:44,2
DA:48,2
DA:56,2
DA:58,2
LF:14
LH:14
BRF:0
BRH:0
end_of_record
TN:
SF:src\routes\export.routes.ts
FNF:0
FNH:0
DA:5,2
DA:6,2
DA:7,2
DA:9,2
DA:11,2
DA:13,2
DA:14,2
DA:15,2
DA:17,2
LF:9
LH:9
BRF:0
BRH:0
end_of_record
TN:
SF:src\routes\index.ts
FN:28,(anonymous_1)
FNF:1
FNH:0
FNDA:0,(anonymous_1)
DA:14,2
DA:15,2
DA:16,2
DA:17,2
DA:18,2
DA:19,2
DA:20,2
DA:21,2
DA:23,2
DA:28,2
DA:29,0
DA:38,2
DA:39,2
DA:40,2
DA:41,2
DA:42,2
DA:43,2
DA:44,2
DA:47,2
LF:19
LH:18
BRF:0
BRH:0
end_of_record
TN:
SF:src\routes\insights.routes.ts
FNF:0
FNH:0
DA:7,2
DA:8,2
DA:9,2
DA:11,2
DA:14,2
DA:17,2
DA:19,2
LF:7
LH:7
BRF:0
BRH:0
end_of_record
TN:
SF:src\services\ai.service.ts
FN:16,generateInsights
FN:68,(anonymous_2)
FN:69,(anonymous_3)
FNF:3
FNH:0
FNDA:0,generateInsights
FNDA:0,(anonymous_2)
FNDA:0,(anonymous_3)
DA:8,2
DA:9,2
DA:10,2
DA:14,2
DA:16,2
DA:19,0
DA:20,0
DA:22,0
DA:36,0
DA:37,0
DA:50,0
DA:52,0
DA:54,0
DA:55,0
DA:57,0
DA:58,0
DA:61,0
DA:62,0
DA:63,0
DA:67,0
DA:68,0
DA:70,0
DA:71,0
DA:76,0
DA:128,0
DA:129,0
DA:130,0
DA:131,0
DA:134,0
DA:139,0
DA:141,0
DA:150,0
DA:151,0
LF:33
LH:5
BRDA:36,0,0,0
BRDA:36,0,1,0
BRDA:57,1,0,0
BRDA:57,1,1,0
BRDA:142,2,0,0
BRDA:142,2,1,0
BRDA:143,3,0,0
BRDA:143,3,1,0
BRF:8
BRH:0
end_of_record
TN:
SF:src\services\analytics.service.ts
FN:19,getCategorySummary
FN:95,(anonymous_2)
FN:98,(anonymous_3)
FN:107,getMonthlyTrend
FN:125,(anonymous_5)
FN:156,getDailySpending
FN:205,(anonymous_7)
FN:216,getDashboardSummary
FN:239,(anonymous_9)
FN:259,(anonymous_10)
FNF:10
FNH:0
FNDA:0,getCategorySummary
FNDA:0,(anonymous_2)
FNDA:0,(anonymous_3)
FNDA:0,getMonthlyTrend
FNDA:0,(anonymous_5)
FNDA:0,getDailySpending
FNDA:0,(anonymous_7)
FNDA:0,getDashboardSummary
FNDA:0,(anonymous_9)
FNDA:0,(anonymous_10)
DA:13,2
DA:19,2
DA:24,0
DA:25,0
DA:28,0
DA:42,0
DA:47,0
DA:48,0
DA:49,0
DA:62,0
DA:64,0
DA:65,0
DA:67,0
DA:68,0
DA:69,0
DA:81,0
DA:82,0
DA:86,0
DA:87,0
DA:88,0
DA:89,0
DA:94,0
DA:95,0
DA:98,0
DA:100,0
DA:107,2
DA:109,0
DA:110,0
DA:112,0
DA:114,0
DA:115,0
DA:124,0
DA:126,0
DA:127,0
DA:130,0
DA:139,0
DA:149,0
DA:156,2
DA:161,0
DA:162,0
DA:165,0
DA:176,0
DA:178,0
DA:180,0
DA:181,0
DA:186,0
DA:187,0
DA:189,0
DA:191,0
DA:192,0
DA:195,0
DA:204,0
DA:205,0
DA:206,0
DA:207,0
DA:210,0
DA:216,2
DA:217,0
DA:218,0
DA:219,0
DA:224,0
DA:239,0
DA:240,0
DA:241,0
DA:242,0
DA:250,0
DA:251,0
DA:254,0
DA:259,0
LF:69
LH:5
BRDA:67,0,0,0
BRDA:67,0,1,0
BRDA:68,1,0,0
BRDA:68,1,1,0
BRDA:88,2,0,0
BRDA:88,2,1,0
BRDA:143,3,0,0
BRDA:143,3,1,0
BRDA:181,4,0,0
BRDA:181,4,1,0
BRDA:198,5,0,0
BRDA:198,5,1,0
BRDA:260,6,0,0
BRDA:260,6,1,0
BRF:14
BRH:0
end_of_record
TN:
SF:src\services\auth.service.ts
FN:25,registerUser
FN:68,loginUser
FN:99,getCurrentUser
FN:125,updateProfile
FN:162,changePassword
FN:190,updateCurrency
FN:203,deleteAccount
FN:224,updateAvatar
FN:250,updateNotifications
FN:267,getAccountStats
FNF:10
FNH:3
FNDA:4,registerUser
FNDA:4,loginUser
FNDA:1,getCurrentUser
FNDA:0,updateProfile
FNDA:0,changePassword
FNDA:0,updateCurrency
FNDA:0,deleteAccount
FNDA:0,updateAvatar
FNDA:0,updateNotifications
FNDA:0,getAccountStats
DA:14,2
DA:15,2
DA:16,2
DA:18,2
DA:19,2
DA:25,2
DA:27,4
DA:31,4
DA:33,1
DA:38,3
DA:41,3
DA:60,3
DA:62,3
DA:68,2
DA:70,4
DA:76,4
DA:77,1
DA:81,3
DA:83,3
DA:84,1
DA:88,2
DA:91,2
DA:93,2
DA:99,2
DA:100,1
DA:116,1
DA:117,0
DA:120,1
DA:125,2
DA:130,0
DA:131,0
DA:136,0
DA:137,0
DA:142,0
DA:158,0
DA:162,2
DA:167,0
DA:169,0
DA:170,0
DA:174,0
DA:175,0
DA:176,0
DA:180,0
DA:181,0
DA:186,0
DA:190,2
DA:191,0
DA:199,0
DA:203,2
DA:204,0
DA:206,0
DA:207,0
DA:211,0
DA:212,0
DA:213,0
DA:218,0
DA:220,0
DA:224,2
DA:225,0
DA:227,0
DA:237,0
DA:247,0
DA:250,2
DA:254,0
DA:263,0
DA:267,2
DA:269,0
DA:276,0
DA:277,0
DA:283,0
LF:70
LH:34
BRDA:31,0,0,1
BRDA:31,0,1,3
BRDA:76,1,0,1
BRDA:76,1,1,3
BRDA:83,2,0,1
BRDA:83,2,1,2
BRDA:116,3,0,0
BRDA:116,3,1,1
BRDA:130,4,0,0
BRDA:130,4,1,0
BRDA:136,5,0,0
BRDA:136,5,1,0
BRDA:136,6,0,0
BRDA:136,6,1,0
BRDA:169,7,0,0
BRDA:169,7,1,0
BRDA:175,8,0,0
BRDA:175,8,1,0
BRDA:206,9,0,0
BRDA:206,9,1,0
BRDA:212,10,0,0
BRDA:212,10,1,0
BRDA:276,11,0,0
BRDA:276,11,1,0
BRF:24
BRH:7
end_of_record
TN:
SF:src\services\budget.service.ts
FN:20,createBudget
FN:71,getBudgets
FN:94,(anonymous_3)
FN:131,getBudgetById
FN:150,updateBudget
FN:172,deleteBudget
FNF:6
FNH:0
FNDA:0,createBudget
FNDA:0,getBudgets
FNDA:0,(anonymous_3)
FNDA:0,getBudgetById
FNDA:0,updateBudget
FNDA:0,deleteBudget
DA:15,2
DA:20,2
DA:22,0
DA:26,0
DA:27,0
DA:32,0
DA:43,0
DA:44,0
DA:50,0
DA:65,0
DA:71,2
DA:77,0
DA:89,0
DA:90,0
DA:93,0
DA:96,0
DA:105,0
DA:106,0
DA:107,0
DA:113,0
DA:114,0
DA:115,0
DA:117,0
DA:127,0
DA:131,2
DA:132,0
DA:141,0
DA:142,0
DA:145,0
DA:150,2
DA:156,0
DA:158,0
DA:168,0
DA:172,2
DA:174,0
DA:176,0
DA:180,0
LF:37
LH:6
BRDA:26,0,0,0
BRDA:26,0,1,0
BRDA:43,1,0,0
BRDA:43,1,1,0
BRDA:105,2,0,0
BRDA:105,2,1,0
BRDA:107,3,0,0
BRDA:107,3,1,0
BRDA:114,4,0,0
BRDA:114,4,1,0
BRDA:115,5,0,0
BRDA:115,5,1,0
BRDA:141,6,0,0
BRDA:141,6,1,0
BRF:14
BRH:0
end_of_record
TN:
SF:src\services\expense.service.ts
FN:19,createExpense
FN:53,getExpenses
FN:96,(anonymous_3)
FN:110,getExpenseById
FN:135,updateExpense
FN:177,deleteExpense
FN:193,getExpenseSummary
FN:248,(anonymous_8)
FN:252,(anonymous_9)
FNF:9
FNH:6
FNDA:2,createExpense
FNDA:1,getExpenses
FNDA:1,(anonymous_3)
FNDA:5,getExpenseById
FNDA:2,updateExpense
FNDA:1,deleteExpense
FNDA:0,getExpenseSummary
FNDA:0,(anonymous_8)
FNDA:0,(anonymous_9)
DA:14,2
DA:19,2
DA:21,2
DA:25,2
DA:26,1
DA:30,1
DA:47,1
DA:53,2
DA:56,1
DA:59,1
DA:61,0
DA:62,0
DA:64,0
DA:71,1
DA:72,0
DA:79,1
DA:80,0
DA:84,1
DA:95,1
DA:96,1
DA:100,1
DA:110,2
DA:111,5
DA:123,5
DA:126,3
DA:129,2
DA:135,2
DA:141,2
DA:144,1
DA:145,0
DA:148,0
DA:149,0
DA:155,1
DA:156,1
DA:157,1
DA:158,1
DA:159,1
DA:161,1
DA:171,1
DA:177,2
DA:179,1
DA:182,1
DA:187,1
DA:193,2
DA:199,0
DA:200,0
DA:203,0
DA:224,0
DA:226,0
DA:227,0
DA:229,0
DA:231,0
DA:242,0
DA:243,0
DA:247,0
DA:248,0
DA:252,0
DA:254,0
LF:58
LH:36
BRDA:25,0,0,1
BRDA:25,0,1,1
BRDA:59,1,0,0
BRDA:59,1,1,1
BRDA:59,2,0,1
BRDA:59,2,1,0
BRDA:71,3,0,0
BRDA:71,3,1,1
BRDA:71,4,0,1
BRDA:71,4,1,0
BRDA:71,4,2,0
BRDA:79,5,0,0
BRDA:79,5,1,1
BRDA:123,6,0,3
BRDA:123,6,1,2
BRDA:144,7,0,0
BRDA:144,7,1,1
BRDA:148,8,0,0
BRDA:148,8,1,0
BRDA:156,9,0,1
BRDA:156,9,1,0
BRDA:157,10,0,0
BRDA:157,10,1,1
BRDA:158,11,0,0
BRDA:158,11,1,1
BRDA:159,12,0,0
BRDA:159,12,1,1
BRDA:229,13,0,0
BRDA:229,13,1,0
BRF:29
BRH:14
end_of_record
TN:
SF:src\services\export.service.ts
FN:18,fetchExpensesForExport
FN:43,generatePDF
FN:46,(anonymous_3)
FN:50,(anonymous_4)
FN:51,(anonymous_5)
FN:52,(anonymous_6)
FN:75,(anonymous_7)
FN:88,(anonymous_8)
FN:100,(anonymous_9)
FN:106,(anonymous_10)
FN:133,(anonymous_11)
FN:138,(anonymous_12)
FN:178,generateCSV
FN:182,(anonymous_14)
FN:189,(anonymous_15)
FN:196,getExportPreview
FN:198,(anonymous_17)
FNF:17
FNH:0
FNDA:0,fetchExpensesForExport
FNDA:0,generatePDF
FNDA:0,(anonymous_3)
FNDA:0,(anonymous_4)
FNDA:0,(anonymous_5)
FNDA:0,(anonymous_6)
FNDA:0,(anonymous_7)
FNDA:0,(anonymous_8)
FNDA:0,(anonymous_9)
FNDA:0,(anonymous_10)
FNDA:0,(anonymous_11)
FNDA:0,(anonymous_12)
FNDA:0,generateCSV
FNDA:0,(anonymous_14)
FNDA:0,(anonymous_15)
FNDA:0,getExportPreview
FNDA:0,(anonymous_17)
DA:7,2
DA:8,2
DA:19,0
DA:27,0
DA:28,0
DA:31,0
DA:43,2
DA:44,0
DA:46,0
DA:47,0
DA:48,0
DA:50,0
DA:51,0
DA:52,0
DA:54,0
DA:55,0
DA:56,0
DA:57,0
DA:60,0
DA:61,0
DA:62,0
DA:63,0
DA:69,0
DA:70,0
DA:72,0
DA:75,0
DA:76,0
DA:79,0
DA:80,0
DA:82,0
DA:88,0
DA:89,0
DA:90,0
DA:91,0
DA:95,0
DA:96,0
DA:97,0
DA:98,0
DA:100,0
DA:102,0
DA:103,0
DA:105,0
DA:106,0
DA:107,0
DA:108,0
DA:110,0
DA:111,0
DA:112,0
DA:113,0
DA:116,0
DA:121,0
DA:122,0
DA:124,0
DA:125,0
DA:127,0
DA:133,0
DA:134,0
DA:137,0
DA:138,0
DA:139,0
DA:140,0
DA:143,0
DA:144,0
DA:145,0
DA:146,0
DA:148,0
DA:153,0
DA:155,0
DA:156,0
DA:157,0
DA:158,0
DA:162,0
DA:163,0
DA:167,0
DA:173,0
DA:178,2
DA:179,0
DA:181,0
DA:182,0
DA:183,0
DA:184,0
DA:185,0
DA:186,0
DA:189,0
DA:190,0
DA:192,0
DA:196,2
DA:197,0
DA:198,0
DA:200,0
LF:90
LH:5
BRDA:27,0,0,0
BRDA:27,0,1,0
BRDA:76,1,0,0
BRDA:76,1,1,0
BRDA:98,2,0,0
BRDA:98,2,1,0
BRDA:102,3,0,0
BRDA:102,3,1,0
BRDA:107,4,0,0
BRDA:107,4,1,0
BRDA:108,5,0,0
BRDA:108,5,1,0
BRDA:121,6,0,0
BRDA:121,6,1,0
BRDA:139,7,0,0
BRDA:139,7,1,0
BRDA:144,8,0,0
BRDA:144,8,1,0
BRDA:145,9,0,0
BRDA:145,9,1,0
BRDA:156,10,0,0
BRDA:156,10,1,0
BRDA:184,11,0,0
BRDA:184,11,1,0
BRF:24
BRH:0
end_of_record
TN:
SF:src\utils\hash.ts
FN:25,hashPassword
FN:33,comparePassword
FNF:2
FNH:2
FNDA:8,hashPassword
FNDA:5,comparePassword
DA:15,3
DA:20,3
DA:25,3
DA:26,8
DA:33,3
DA:37,5
LF:6
LH:6
BRF:0
BRH:0
end_of_record
TN:
SF:src\utils\jwt.ts
FN:31,signToken
FN:44,verifyToken
FNF:2
FNH:2
FNDA:8,signToken
FNDA:14,verifyToken
DA:18,3
DA:19,3
DA:31,3
DA:32,8
DA:44,3
DA:45,14
LF:6
LH:6
BRF:0
BRH:0
end_of_record
TN:
SF:src\utils\response.ts
FN:21,successResponse
FN:32,errorResponse
FN:44,sendSuccess
FN:56,sendError
FNF:4
FNH:4
FNDA:10,successResponse
FNDA:13,errorResponse
FNDA:10,sendSuccess
FNDA:13,sendError
DA:21,2
DA:22,10
DA:32,2
DA:33,13
DA:44,2
DA:50,10
DA:56,2
DA:62,13
LF:8
LH:8
BRDA:21,0,0,0
BRDA:37,1,0,3
BRDA:37,1,1,10
BRDA:47,2,0,0
BRDA:48,3,0,6
BRDA:59,4,0,0
BRF:6
BRH:3
end_of_record
TN:
SF:src\validators\auth.validator.ts
FNF:0
FNH:0
DA:12,2
DA:16,2
DA:37,2
DA:51,2
DA:68,2
DA:80,2
DA:96,2
DA:101,2
LF:8
LH:8
BRF:0
BRH:0
end_of_record
TN:
SF:src\validators\budget.validator.ts
FNF:0
FNH:0
DA:13,2
DA:17,2
DA:45,2
LF:3
LH:3
BRF:0
BRH:0
end_of_record
TN:
SF:src\validators\expense.validator.ts
FN:32,(anonymous_0)
FN:63,(anonymous_1)
FN:82,(anonymous_2)
FN:88,(anonymous_3)
FN:93,(anonymous_4)
FNF:5
FNH:4
FNDA:3,(anonymous_0)
FNDA:0,(anonymous_1)
FNDA:1,(anonymous_2)
FNDA:1,(anonymous_3)
FNDA:1,(anonymous_4)
DA:14,2
DA:18,2
DA:32,3
DA:48,2
DA:63,0
DA:78,2
DA:82,1
DA:88,1
DA:93,1
LF:9
LH:8
BRDA:82,0,0,0
BRDA:82,0,1,1
BRDA:88,1,0,0
BRDA:88,1,1,1
BRDA:93,2,0,0
BRDA:93,2,1,1
BRF:6
BRH:3
end_of_record
